{"level":"info","message":"Fetching game prediction for NBA game nba_001 (moneyline)","service":"sportsDataIO","timestamp":"2025-06-06 01:49:48"}
{"level":"error","message":"Error fetching game prediction: Request failed with status code 404","service":"sportsDataIO","timestamp":"2025-06-06 01:49:49"}
{"level":"info","message":"Fetching game prediction for NFL game nfl_001 (moneyline)","service":"sportsDataIO","timestamp":"2025-06-06 01:50:09"}
{"level":"error","message":"Error fetching game prediction: Request failed with status code 404","service":"sportsDataIO","timestamp":"2025-06-06 01:50:10"}
{"level":"info","message":"Fetching game prediction for MLB game mlb_001 (moneyline)","service":"sportsDataIO","timestamp":"2025-06-06 01:50:34"}
{"level":"error","message":"Error fetching game prediction: Request failed with status code 404","service":"sportsDataIO","timestamp":"2025-06-06 01:50:34"}
{"level":"info","message":"Fetching game prediction for NBA game nba_001 (moneyline)","service":"sportsDataIO","timestamp":"2025-06-06 02:25:59"}
{"level":"error","message":"Error fetching game prediction: Request failed with status code 404","service":"sportsDataIO","timestamp":"2025-06-06 02:26:00"}
{"level":"info","message":"Fetching game prediction for NFL game nfl_001 (moneyline)","service":"sportsDataIO","timestamp":"2025-06-06 02:26:21"}
{"level":"error","message":"Error fetching game prediction: Request failed with status code 404","service":"sportsDataIO","timestamp":"2025-06-06 02:26:21"}
{"level":"info","message":"Fetching game prediction for MLB game mlb_001 (moneyline)","service":"sportsDataIO","timestamp":"2025-06-06 02:26:41"}
{"level":"error","message":"Error fetching game prediction: Request failed with status code 404","service":"sportsDataIO","timestamp":"2025-06-06 02:26:42"}
{"level":"info","message":"Fetching game prediction for NBA game nba_001 (moneyline)","service":"sportsDataIO","timestamp":"2025-06-08 02:24:59"}
{"level":"error","message":"Error fetching game prediction: Request failed with status code 404","service":"sportsDataIO","timestamp":"2025-06-08 02:24:59"}
{"level":"info","message":"Fetching game prediction for NBA game nba_001 (moneyline)","service":"sportsDataIO","timestamp":"2025-06-08 02:29:15"}
{"level":"error","message":"Error fetching game prediction: Request failed with status code 404","service":"sportsDataIO","timestamp":"2025-06-08 02:29:15"}
{"level":"info","message":"Fetching game prediction for NFL game nfl_001 (moneyline)","service":"sportsDataIO","timestamp":"2025-06-08 02:29:37"}
{"level":"error","message":"Error fetching game prediction: Request failed with status code 404","service":"sportsDataIO","timestamp":"2025-06-08 02:29:37"}
{"level":"info","message":"Fetching game prediction for MLB game mlb_001 (moneyline)","service":"sportsDataIO","timestamp":"2025-06-08 02:30:01"}
{"level":"error","message":"Error fetching game prediction: Request failed with status code 404","service":"sportsDataIO","timestamp":"2025-06-08 02:30:01"}
{"level":"info","message":"Fetching game prediction for NBA game nba_001 (moneyline)","service":"sportsDataIO","timestamp":"2025-06-08 02:47:31"}
{"level":"error","message":"Error fetching game prediction: Request failed with status code 404","service":"sportsDataIO","timestamp":"2025-06-08 02:47:31"}
{"level":"info","message":"Fetching game prediction for NFL game nfl_001 (moneyline)","service":"sportsDataIO","timestamp":"2025-06-08 02:47:52"}
{"level":"error","message":"Error fetching game prediction: Request failed with status code 404","service":"sportsDataIO","timestamp":"2025-06-08 02:47:52"}
{"level":"info","message":"Fetching game prediction for MLB game mlb_001 (moneyline)","service":"sportsDataIO","timestamp":"2025-06-08 02:48:27"}
{"level":"error","message":"Error fetching game prediction: Request failed with status code 404","service":"sportsDataIO","timestamp":"2025-06-08 02:48:27"}
{"level":"info","message":"Fetching game prediction for NBA game nba_001 (moneyline)","service":"sportsDataIO","timestamp":"2025-06-08 03:40:54"}
{"level":"info","message":"Successfully generated prediction for NBA game nba_001","service":"sportsDataIO","timestamp":"2025-06-08 03:40:55"}
{"level":"info","message":"Fetching game prediction for NFL game nfl_001 (moneyline)","service":"sportsDataIO","timestamp":"2025-06-08 03:41:25"}
{"level":"info","message":"Successfully generated prediction for NFL game nfl_001","service":"sportsDataIO","timestamp":"2025-06-08 03:41:25"}
{"level":"info","message":"Fetching game prediction for MLB game mlb_001 (moneyline)","service":"sportsDataIO","timestamp":"2025-06-08 03:41:49"}
{"level":"info","message":"Successfully generated prediction for MLB game mlb_001","service":"sportsDataIO","timestamp":"2025-06-08 03:41:49"}
{"level":"info","message":"Fetching game prediction for MLB game mlb_001 (moneyline)","service":"sportsDataIO","timestamp":"2025-06-08 05:07:03"}
{"level":"info","message":"Successfully generated prediction for MLB game mlb_001","service":"sportsDataIO","timestamp":"2025-06-08 05:07:03"}
{"level":"info","message":"Fetching game prediction for MLB game mlb_001 (moneyline)","service":"sportsDataIO","timestamp":"2025-06-08 05:08:13"}
{"level":"info","message":"Successfully generated prediction for MLB game mlb_001","service":"sportsDataIO","timestamp":"2025-06-08 05:08:13"}
{"level":"info","message":"Fetching game prediction for MLB game mlb_002 (moneyline)","service":"sportsDataIO","timestamp":"2025-06-08 05:08:26"}
{"level":"info","message":"Successfully generated prediction for MLB game mlb_002","service":"sportsDataIO","timestamp":"2025-06-08 05:08:26"}
{"level":"info","message":"Fetching game prediction for NHL game nhl_001 (moneyline)","service":"sportsDataIO","timestamp":"2025-06-08 05:08:47"}
{"level":"info","message":"Successfully generated prediction for NHL game nhl_001","service":"sportsDataIO","timestamp":"2025-06-08 05:08:47"}
{"level":"info","message":"Fetching game prediction for MLB game mlb_real_1 (moneyline)","service":"sportsDataIO","timestamp":"2025-06-08 05:23:45"}
{"level":"info","message":"Successfully generated prediction for MLB game mlb_real_1","service":"sportsDataIO","timestamp":"2025-06-08 05:23:45"}
{"level":"info","message":"Fetching game prediction for MLB game mlb_real_2 (moneyline)","service":"sportsDataIO","timestamp":"2025-06-08 05:24:06"}
{"level":"info","message":"Successfully generated prediction for MLB game mlb_real_2","service":"sportsDataIO","timestamp":"2025-06-08 05:24:06"}
{"level":"info","message":"Fetching game prediction for MLB game mlb_real_1 (moneyline)","service":"sportsDataIO","timestamp":"2025-06-08 05:47:51"}
{"level":"info","message":"Successfully generated prediction for MLB game mlb_real_1","service":"sportsDataIO","timestamp":"2025-06-08 05:47:51"}
{"level":"info","message":"Fetching game prediction for MLB game mlb_real_2 (moneyline)","service":"sportsDataIO","timestamp":"2025-06-08 05:48:14"}
{"level":"info","message":"Successfully generated prediction for MLB game mlb_real_2","service":"sportsDataIO","timestamp":"2025-06-08 05:48:14"}
{"level":"info","message":"Fetching game prediction for MLB game mlb_real_1 (moneyline)","service":"sportsDataIO","timestamp":"2025-06-08 07:50:25"}
{"level":"info","message":"Successfully generated prediction for MLB game mlb_real_1","service":"sportsDataIO","timestamp":"2025-06-08 07:50:25"}
{"level":"info","message":"Fetching game prediction for MLB game mlb_real_2 (moneyline)","service":"sportsDataIO","timestamp":"2025-06-08 07:50:48"}
{"level":"info","message":"Successfully generated prediction for MLB game mlb_real_2","service":"sportsDataIO","timestamp":"2025-06-08 07:50:48"}
{"level":"info","message":"Fetching game prediction for MLB game mlb_real_1 (moneyline)","service":"sportsDataIO","timestamp":"2025-06-08 08:03:53"}
{"level":"info","message":"Successfully generated prediction for MLB game mlb_real_1","service":"sportsDataIO","timestamp":"2025-06-08 08:03:53"}
{"level":"info","message":"Fetching game prediction for MLB game mlb_real_2 (moneyline)","service":"sportsDataIO","timestamp":"2025-06-08 08:04:15"}
{"level":"info","message":"Successfully generated prediction for MLB game mlb_real_2","service":"sportsDataIO","timestamp":"2025-06-08 08:04:15"}
{"level":"info","message":"Fetching game prediction for MLB game mlb_real_1 (moneyline)","service":"sportsDataIO","timestamp":"2025-06-08 08:07:50"}
{"level":"info","message":"Successfully generated prediction for MLB game mlb_real_1","service":"sportsDataIO","timestamp":"2025-06-08 08:07:50"}
{"level":"info","message":"Fetching game prediction for MLB game mlb_real_2 (moneyline)","service":"sportsDataIO","timestamp":"2025-06-08 08:08:16"}
{"level":"info","message":"Successfully generated prediction for MLB game mlb_real_2","service":"sportsDataIO","timestamp":"2025-06-08 08:08:16"}
{"level":"info","message":"Fetching game prediction for MLB game mlb_real_1 (moneyline)","service":"sportsDataIO","timestamp":"2025-06-08 08:17:42"}
{"level":"info","message":"Successfully generated prediction for MLB game mlb_real_1","service":"sportsDataIO","timestamp":"2025-06-08 08:17:42"}
{"level":"info","message":"Fetching game prediction for MLB game mlb_real_2 (moneyline)","service":"sportsDataIO","timestamp":"2025-06-08 08:18:06"}
{"level":"info","message":"Successfully generated prediction for MLB game mlb_real_2","service":"sportsDataIO","timestamp":"2025-06-08 08:18:06"}
{"level":"info","message":"Fetching game prediction for MLB game mlb_real_1 (moneyline)","service":"sportsDataIO","timestamp":"2025-06-08 08:18:34"}
{"level":"info","message":"Successfully generated prediction for MLB game mlb_real_1","service":"sportsDataIO","timestamp":"2025-06-08 08:18:34"}
{"level":"info","message":"Fetching game prediction for MLB game mlb_real_2 (moneyline)","service":"sportsDataIO","timestamp":"2025-06-08 08:18:58"}
{"level":"info","message":"Successfully generated prediction for MLB game mlb_real_2","service":"sportsDataIO","timestamp":"2025-06-08 08:18:58"}
{"level":"info","message":"Fetching game prediction for MLB game mlb_real_1 (moneyline)","service":"sportsDataIO","timestamp":"2025-06-08 08:19:53"}
{"level":"info","message":"Successfully generated prediction for MLB game mlb_real_1","service":"sportsDataIO","timestamp":"2025-06-08 08:19:53"}
{"level":"info","message":"Fetching game prediction for MLB game mlb_real_2 (moneyline)","service":"sportsDataIO","timestamp":"2025-06-08 08:20:20"}
{"level":"info","message":"Successfully generated prediction for MLB game mlb_real_2","service":"sportsDataIO","timestamp":"2025-06-08 08:20:20"}
{"level":"info","message":"Fetching game prediction for MLB game mlb_real_1 (moneyline)","service":"sportsDataIO","timestamp":"2025-06-08 08:22:46"}
{"level":"info","message":"Successfully generated prediction for MLB game mlb_real_1","service":"sportsDataIO","timestamp":"2025-06-08 08:22:46"}
{"level":"info","message":"Fetching game prediction for MLB game mlb_real_2 (moneyline)","service":"sportsDataIO","timestamp":"2025-06-08 08:23:11"}
{"level":"info","message":"Successfully generated prediction for MLB game mlb_real_2","service":"sportsDataIO","timestamp":"2025-06-08 08:23:11"}
{"level":"info","message":"Fetching game prediction for MLB game mlb_real_1 (moneyline)","service":"sportsDataIO","timestamp":"2025-06-08 08:23:52"}
{"level":"info","message":"Successfully generated prediction for MLB game mlb_real_1","service":"sportsDataIO","timestamp":"2025-06-08 08:23:52"}
{"level":"info","message":"Fetching game prediction for MLB game mlb_real_2 (moneyline)","service":"sportsDataIO","timestamp":"2025-06-08 08:24:25"}
{"level":"info","message":"Successfully generated prediction for MLB game mlb_real_2","service":"sportsDataIO","timestamp":"2025-06-08 08:24:25"}
{"level":"info","message":"Fetching game prediction for MLB game mlb_real_1 (moneyline)","service":"sportsDataIO","timestamp":"2025-06-08 08:33:14"}
{"level":"info","message":"Successfully generated prediction for MLB game mlb_real_1","service":"sportsDataIO","timestamp":"2025-06-08 08:33:14"}
{"level":"info","message":"Fetching game prediction for MLB game mlb_real_2 (moneyline)","service":"sportsDataIO","timestamp":"2025-06-08 08:33:40"}
{"level":"info","message":"Successfully generated prediction for MLB game mlb_real_2","service":"sportsDataIO","timestamp":"2025-06-08 08:33:40"}
{"level":"info","message":"Fetching game prediction for MLB game mlb_real_1 (moneyline)","service":"sportsDataIO","timestamp":"2025-06-08 08:34:18"}
{"level":"info","message":"Successfully generated prediction for MLB game mlb_real_1","service":"sportsDataIO","timestamp":"2025-06-08 08:34:18"}
{"level":"info","message":"Fetching game prediction for MLB game mlb_real_2 (moneyline)","service":"sportsDataIO","timestamp":"2025-06-08 08:34:44"}
{"level":"info","message":"Successfully generated prediction for MLB game mlb_real_2","service":"sportsDataIO","timestamp":"2025-06-08 08:34:44"}
{"level":"info","message":"Fetching game prediction for MLB game mlb_real_1 (moneyline)","service":"sportsDataIO","timestamp":"2025-06-08 09:04:16"}
{"level":"info","message":"Successfully generated prediction for MLB game mlb_real_1","service":"sportsDataIO","timestamp":"2025-06-08 09:04:16"}
{"level":"info","message":"Fetching game prediction for MLB game mlb_real_2 (moneyline)","service":"sportsDataIO","timestamp":"2025-06-08 09:04:46"}
{"level":"info","message":"Successfully generated prediction for MLB game mlb_real_2","service":"sportsDataIO","timestamp":"2025-06-08 09:04:46"}
{"level":"info","message":"Fetching game prediction for MLB game mlb_real_1 (moneyline)","service":"sportsDataIO","timestamp":"2025-06-08 09:16:22"}
{"level":"info","message":"Successfully generated prediction for MLB game mlb_real_1","service":"sportsDataIO","timestamp":"2025-06-08 09:16:22"}
{"level":"info","message":"Fetching game prediction for MLB game mlb_real_2 (moneyline)","service":"sportsDataIO","timestamp":"2025-06-08 09:16:46"}
{"level":"info","message":"Successfully generated prediction for MLB game mlb_real_2","service":"sportsDataIO","timestamp":"2025-06-08 09:16:46"}
{"level":"info","message":"Fetching game prediction for MLB game mlb_real_1 (moneyline)","service":"sportsDataIO","timestamp":"2025-06-08 09:44:53"}
{"level":"info","message":"Successfully generated prediction for MLB game mlb_real_1","service":"sportsDataIO","timestamp":"2025-06-08 09:44:53"}
{"level":"info","message":"Fetching game prediction for MLB game mlb_real_2 (moneyline)","service":"sportsDataIO","timestamp":"2025-06-08 09:45:22"}
{"level":"info","message":"Successfully generated prediction for MLB game mlb_real_2","service":"sportsDataIO","timestamp":"2025-06-08 09:45:22"}
{"level":"info","message":"Fetching game prediction for MLB game mlb_real_1 (moneyline)","service":"sportsDataIO","timestamp":"2025-06-08 10:30:12"}
{"level":"info","message":"Successfully generated prediction for MLB game mlb_real_1","service":"sportsDataIO","timestamp":"2025-06-08 10:30:12"}
{"level":"info","message":"Fetching game prediction for MLB game mlb_real_2 (moneyline)","service":"sportsDataIO","timestamp":"2025-06-08 10:30:40"}
{"level":"info","message":"Successfully generated prediction for MLB game mlb_real_2","service":"sportsDataIO","timestamp":"2025-06-08 10:30:40"}
{"level":"info","message":"Fetching game prediction for MLB game daily_analysis (moneyline)","service":"sportsDataIO","timestamp":"2025-06-08 10:51:01"}
{"level":"info","message":"Successfully generated prediction for MLB game daily_analysis","service":"sportsDataIO","timestamp":"2025-06-08 10:51:01"}
{"level":"info","message":"Fetching game prediction for MLB game mlb_real_1 (moneyline)","service":"sportsDataIO","timestamp":"2025-06-08 10:51:09"}
{"level":"info","message":"Successfully generated prediction for MLB game mlb_real_1","service":"sportsDataIO","timestamp":"2025-06-08 10:51:09"}
{"level":"info","message":"Fetching game prediction for MLB game mlb_real_2 (moneyline)","service":"sportsDataIO","timestamp":"2025-06-08 10:51:41"}
{"level":"info","message":"Successfully generated prediction for MLB game mlb_real_2","service":"sportsDataIO","timestamp":"2025-06-08 10:51:41"}
{"level":"info","message":"Fetching game prediction for MLB game mlb_real_1 (moneyline)","service":"sportsDataIO","timestamp":"2025-06-08 12:13:26"}
{"level":"info","message":"Successfully generated prediction for MLB game mlb_real_1","service":"sportsDataIO","timestamp":"2025-06-08 12:13:26"}
{"level":"info","message":"Fetching game prediction for MLB game mlb_real_2 (moneyline)","service":"sportsDataIO","timestamp":"2025-06-08 12:13:51"}
{"level":"info","message":"Successfully generated prediction for MLB game mlb_real_2","service":"sportsDataIO","timestamp":"2025-06-08 12:13:51"}
{"level":"info","message":"Fetching game prediction for MLB game daily_analysis (moneyline)","service":"sportsDataIO","timestamp":"2025-06-08 12:14:29"}
{"level":"info","message":"Successfully generated prediction for MLB game daily_analysis","service":"sportsDataIO","timestamp":"2025-06-08 12:14:29"}
{"level":"info","message":"Fetching game prediction for MLB game daily_analysis (moneyline)","service":"sportsDataIO","timestamp":"2025-06-08 12:14:36"}
{"level":"info","message":"Successfully generated prediction for MLB game daily_analysis","service":"sportsDataIO","timestamp":"2025-06-08 12:14:36"}
{"level":"info","message":"Fetching game prediction for MLB game mlb_real_1 (moneyline)","service":"sportsDataIO","timestamp":"2025-06-08 12:21:01"}
{"level":"info","message":"Successfully generated prediction for MLB game mlb_real_1","service":"sportsDataIO","timestamp":"2025-06-08 12:21:01"}
{"level":"info","message":"Fetching game prediction for MLB game mlb_real_2 (moneyline)","service":"sportsDataIO","timestamp":"2025-06-08 12:21:24"}
{"level":"info","message":"Successfully generated prediction for MLB game mlb_real_2","service":"sportsDataIO","timestamp":"2025-06-08 12:21:24"}
{"level":"info","message":"Fetching game prediction for MLB game mlb_real_1 (moneyline)","service":"sportsDataIO","timestamp":"2025-06-08 13:36:55"}
{"level":"info","message":"Successfully generated prediction for MLB game mlb_real_1","service":"sportsDataIO","timestamp":"2025-06-08 13:36:55"}
{"level":"info","message":"Fetching game prediction for MLB game mlb_real_2 (moneyline)","service":"sportsDataIO","timestamp":"2025-06-08 13:37:17"}
{"level":"info","message":"Successfully generated prediction for MLB game mlb_real_2","service":"sportsDataIO","timestamp":"2025-06-08 13:37:17"}
{"level":"info","message":"Fetching game prediction for MLB game mlb_real_1 (moneyline)","service":"sportsDataIO","timestamp":"2025-06-08 13:41:53"}
{"level":"info","message":"Successfully generated prediction for MLB game mlb_real_1","service":"sportsDataIO","timestamp":"2025-06-08 13:41:53"}
{"level":"info","message":"Fetching game prediction for MLB game mlb_real_2 (moneyline)","service":"sportsDataIO","timestamp":"2025-06-08 13:42:14"}
{"level":"info","message":"Successfully generated prediction for MLB game mlb_real_2","service":"sportsDataIO","timestamp":"2025-06-08 13:42:14"}
{"level":"info","message":"Fetching game prediction for MLB game mlb_real_1 (moneyline)","service":"sportsDataIO","timestamp":"2025-06-08 14:52:14"}
{"level":"info","message":"Successfully generated prediction for MLB game mlb_real_1","service":"sportsDataIO","timestamp":"2025-06-08 14:52:14"}
{"level":"info","message":"Fetching game prediction for MLB game mlb_real_2 (moneyline)","service":"sportsDataIO","timestamp":"2025-06-08 14:52:41"}
{"level":"info","message":"Successfully generated prediction for MLB game mlb_real_2","service":"sportsDataIO","timestamp":"2025-06-08 14:52:41"}
{"level":"info","message":"Fetching game prediction for MLB game mlb_real_1 (moneyline)","service":"sportsDataIO","timestamp":"2025-06-08 19:02:20"}
{"level":"info","message":"Successfully generated prediction for MLB game mlb_real_1","service":"sportsDataIO","timestamp":"2025-06-08 19:02:20"}
{"level":"info","message":"Fetching game prediction for MLB game mlb_real_2 (moneyline)","service":"sportsDataIO","timestamp":"2025-06-08 19:02:43"}
{"level":"info","message":"Successfully generated prediction for MLB game mlb_real_2","service":"sportsDataIO","timestamp":"2025-06-08 19:02:43"}
{"level":"info","message":"Fetching game prediction for MLB game daily_analysis (moneyline)","service":"sportsDataIO","timestamp":"2025-06-08 20:04:32"}
{"level":"info","message":"Successfully generated prediction for MLB game daily_analysis","service":"sportsDataIO","timestamp":"2025-06-08 20:04:32"}
{"level":"info","message":"Fetching game prediction for MLB game mlb_real_2 (moneyline)","service":"sportsDataIO","timestamp":"2025-06-08 20:16:02"}
{"level":"info","message":"Successfully generated prediction for MLB game mlb_real_2","service":"sportsDataIO","timestamp":"2025-06-08 20:16:02"}
{"level":"info","message":"Fetching game prediction for MLB game daily_analysis (moneyline)","service":"sportsDataIO","timestamp":"2025-06-08 21:21:41"}
{"level":"info","message":"Successfully generated prediction for MLB game daily_analysis","service":"sportsDataIO","timestamp":"2025-06-08 21:21:41"}
{"level":"info","message":"Fetching game prediction for MLB game mlb_real_1 (moneyline)","service":"sportsDataIO","timestamp":"2025-06-08 21:31:21"}
{"level":"info","message":"Successfully generated prediction for MLB game mlb_real_1","service":"sportsDataIO","timestamp":"2025-06-08 21:31:21"}
{"level":"info","message":"Fetching game prediction for MLB game daily_analysis (moneyline)","service":"sportsDataIO","timestamp":"2025-06-09 02:23:44"}
{"level":"info","message":"Successfully generated prediction for MLB game daily_analysis","service":"sportsDataIO","timestamp":"2025-06-09 02:23:44"}
{"level":"info","message":"Fetching game prediction for MLB game mlb_real_1 (moneyline)","service":"sportsDataIO","timestamp":"2025-06-09 02:23:50"}
{"level":"info","message":"Successfully generated prediction for MLB game mlb_real_1","service":"sportsDataIO","timestamp":"2025-06-09 02:23:50"}
{"level":"info","message":"Fetching game prediction for MLB game mlb_real_2 (moneyline)","service":"sportsDataIO","timestamp":"2025-06-09 02:24:26"}
{"level":"info","message":"Successfully generated prediction for MLB game mlb_real_2","service":"sportsDataIO","timestamp":"2025-06-09 02:24:26"}
{"level":"info","message":"Fetching game prediction for MLB game mlb_real_1 (moneyline)","service":"sportsDataIO","timestamp":"2025-06-09 02:46:38"}
{"level":"warn","message":"⚠️ No validation data available for MLB, using defaults","service":"sportsDataIO","timestamp":"2025-06-09 02:46:39"}
{"level":"info","message":"Successfully generated prediction for MLB game mlb_real_1","service":"sportsDataIO","timestamp":"2025-06-09 02:46:39"}
{"level":"info","message":"Fetching game prediction for MLB game mlb_real_2 (moneyline)","service":"sportsDataIO","timestamp":"2025-06-09 02:47:04"}
{"level":"warn","message":"⚠️ No validation data available for MLB, using defaults","service":"sportsDataIO","timestamp":"2025-06-09 02:47:04"}
{"level":"info","message":"Successfully generated prediction for MLB game mlb_real_2","service":"sportsDataIO","timestamp":"2025-06-09 02:47:04"}
{"level":"info","message":"Fetching game prediction for MLB game mlb_real_1 (moneyline)","service":"sportsDataIO","timestamp":"2025-06-09 02:47:35"}
{"level":"warn","message":"⚠️ No validation data available for MLB, using defaults","service":"sportsDataIO","timestamp":"2025-06-09 02:47:35"}
{"level":"info","message":"Successfully generated prediction for MLB game mlb_real_1","service":"sportsDataIO","timestamp":"2025-06-09 02:47:35"}
{"level":"info","message":"Fetching game prediction for MLB game mlb_real_2 (moneyline)","service":"sportsDataIO","timestamp":"2025-06-09 02:48:01"}
{"level":"warn","message":"⚠️ No validation data available for MLB, using defaults","service":"sportsDataIO","timestamp":"2025-06-09 02:48:02"}
{"level":"info","message":"Successfully generated prediction for MLB game mlb_real_2","service":"sportsDataIO","timestamp":"2025-06-09 02:48:02"}
{"level":"info","message":"Fetching game prediction for MLB game daily_analysis (moneyline)","service":"sportsDataIO","timestamp":"2025-06-09 02:48:14"}
{"level":"warn","message":"⚠️ No validation data available for MLB, using defaults","service":"sportsDataIO","timestamp":"2025-06-09 02:48:14"}
{"level":"info","message":"Successfully generated prediction for MLB game daily_analysis","service":"sportsDataIO","timestamp":"2025-06-09 02:48:14"}
{"level":"info","message":"Fetching game prediction for MLB game mlb_real_1 (moneyline)","service":"sportsDataIO","timestamp":"2025-06-09 02:48:59"}
{"level":"warn","message":"⚠️ No validation data available for MLB, using defaults","service":"sportsDataIO","timestamp":"2025-06-09 02:48:59"}
{"level":"info","message":"Successfully generated prediction for MLB game mlb_real_1","service":"sportsDataIO","timestamp":"2025-06-09 02:48:59"}
{"level":"info","message":"Fetching game prediction for MLB game mlb_real_2 (moneyline)","service":"sportsDataIO","timestamp":"2025-06-09 02:49:28"}
{"level":"warn","message":"⚠️ No validation data available for MLB, using defaults","service":"sportsDataIO","timestamp":"2025-06-09 02:49:28"}
{"level":"info","message":"Successfully generated prediction for MLB game mlb_real_2","service":"sportsDataIO","timestamp":"2025-06-09 02:49:28"}
{"level":"info","message":"Fetching game prediction for MLB game mlb_real_1 (moneyline)","service":"sportsDataIO","timestamp":"2025-06-09 03:18:47"}
{"level":"warn","message":"⚠️ No validation data available for MLB, using defaults","service":"sportsDataIO","timestamp":"2025-06-09 03:18:47"}
{"level":"info","message":"Successfully generated prediction for MLB game mlb_real_1","service":"sportsDataIO","timestamp":"2025-06-09 03:18:47"}
{"level":"info","message":"Fetching game prediction for MLB game mlb_real_2 (moneyline)","service":"sportsDataIO","timestamp":"2025-06-09 03:19:16"}
{"level":"warn","message":"⚠️ No validation data available for MLB, using defaults","service":"sportsDataIO","timestamp":"2025-06-09 03:19:16"}
{"level":"info","message":"Successfully generated prediction for MLB game mlb_real_2","service":"sportsDataIO","timestamp":"2025-06-09 03:19:16"}
{"level":"info","message":"Fetching game prediction for NBA game nba_001 (moneyline)","service":"sportsDataIO","timestamp":"2025-06-09 05:28:54"}
{"level":"error","message":"Error fetching game prediction: Request failed with status code 404","service":"sportsDataIO","timestamp":"2025-06-09 05:28:54"}
{"level":"info","message":"Fetching game prediction for NFL game nfl_001 (moneyline)","service":"sportsDataIO","timestamp":"2025-06-09 05:29:21"}
{"level":"error","message":"Error fetching game prediction: Request failed with status code 404","service":"sportsDataIO","timestamp":"2025-06-09 05:29:21"}
{"level":"info","message":"Fetching game prediction for NBA game nba_001 (moneyline)","service":"sportsDataIO","timestamp":"2025-06-09 05:29:37"}
{"level":"error","message":"Error fetching game prediction: Request failed with status code 404","service":"sportsDataIO","timestamp":"2025-06-09 05:29:37"}
{"level":"info","message":"Fetching game prediction for MLB game mlb_001 (moneyline)","service":"sportsDataIO","timestamp":"2025-06-09 05:29:40"}
{"level":"error","message":"Error fetching game prediction: Request failed with status code 404","service":"sportsDataIO","timestamp":"2025-06-09 05:29:40"}
{"level":"info","message":"Fetching game prediction for NFL game nfl_001 (moneyline)","service":"sportsDataIO","timestamp":"2025-06-09 05:30:02"}
{"level":"error","message":"Error fetching game prediction: Request failed with status code 404","service":"sportsDataIO","timestamp":"2025-06-09 05:30:02"}
{"level":"info","message":"Fetching game prediction for MLB game mlb_001 (moneyline)","service":"sportsDataIO","timestamp":"2025-06-09 05:30:26"}
{"level":"error","message":"Error fetching game prediction: Request failed with status code 404","service":"sportsDataIO","timestamp":"2025-06-09 05:30:27"}
{"level":"info","message":"Fetching game prediction for NBA game nba_001 (moneyline)","service":"sportsDataIO","timestamp":"2025-06-09 05:35:17"}
{"level":"error","message":"Error fetching game prediction: Request failed with status code 404","service":"sportsDataIO","timestamp":"2025-06-09 05:35:17"}
{"level":"info","message":"Fetching game prediction for NFL game nfl_001 (moneyline)","service":"sportsDataIO","timestamp":"2025-06-09 05:35:40"}
{"level":"error","message":"Error fetching game prediction: Request failed with status code 404","service":"sportsDataIO","timestamp":"2025-06-09 05:35:40"}
{"level":"info","message":"Fetching game prediction for MLB game mlb_001 (moneyline)","service":"sportsDataIO","timestamp":"2025-06-09 05:36:04"}
{"level":"error","message":"Error fetching game prediction: Request failed with status code 404","service":"sportsDataIO","timestamp":"2025-06-09 05:36:04"}
