{"level":"info","message":"Fetching preferences for user default_user","service":"userData","timestamp":"2025-06-06 01:49:49"}
{"level":"error","message":"Error fetching user preferences: relation \"public.user_profiles\" does not exist","service":"userData","timestamp":"2025-06-06 01:49:49"}
{"level":"error","message":"Error in getUserPreferences: [object Object]","service":"userData","timestamp":"2025-06-06 01:49:49"}
{"level":"info","message":"Fetching preferences for user default_user","service":"userData","timestamp":"2025-06-06 01:50:10"}
{"level":"error","message":"Error fetching user preferences: relation \"public.user_profiles\" does not exist","service":"userData","timestamp":"2025-06-06 01:50:10"}
{"level":"error","message":"Error in getUserPreferences: [object Object]","service":"userData","timestamp":"2025-06-06 01:50:10"}
{"level":"info","message":"Fetching preferences for user default_user","service":"userData","timestamp":"2025-06-06 01:50:34"}
{"level":"error","message":"Error fetching user preferences: relation \"public.user_profiles\" does not exist","service":"userData","timestamp":"2025-06-06 01:50:35"}
{"level":"error","message":"Error in getUserPreferences: [object Object]","service":"userData","timestamp":"2025-06-06 01:50:35"}
{"level":"info","message":"Fetching preferences for user default_user","service":"userData","timestamp":"2025-06-06 02:26:00"}
{"level":"error","message":"Error fetching user preferences: relation \"public.user_profiles\" does not exist","service":"userData","timestamp":"2025-06-06 02:26:00"}
{"level":"error","message":"Error in getUserPreferences: [object Object]","service":"userData","timestamp":"2025-06-06 02:26:00"}
{"level":"info","message":"Fetching preferences for user default_user","service":"userData","timestamp":"2025-06-06 02:26:21"}
{"level":"error","message":"Error fetching user preferences: relation \"public.user_profiles\" does not exist","service":"userData","timestamp":"2025-06-06 02:26:22"}
{"level":"error","message":"Error in getUserPreferences: [object Object]","service":"userData","timestamp":"2025-06-06 02:26:22"}
{"level":"info","message":"Fetching preferences for user default_user","service":"userData","timestamp":"2025-06-06 02:26:42"}
{"level":"error","message":"Error fetching user preferences: relation \"public.user_profiles\" does not exist","service":"userData","timestamp":"2025-06-06 02:26:42"}
{"level":"error","message":"Error in getUserPreferences: [object Object]","service":"userData","timestamp":"2025-06-06 02:26:42"}
{"level":"info","message":"Fetching preferences for user default_user","service":"userData","timestamp":"2025-06-08 02:24:59"}
{"level":"error","message":"Error fetching user preferences: relation \"public.user_profiles\" does not exist","service":"userData","timestamp":"2025-06-08 02:25:00"}
{"level":"error","message":"Error in getUserPreferences: [object Object]","service":"userData","timestamp":"2025-06-08 02:25:00"}
{"level":"info","message":"Fetching preferences for user default_user","service":"userData","timestamp":"2025-06-08 02:29:15"}
{"level":"error","message":"Error fetching user preferences: relation \"public.user_profiles\" does not exist","service":"userData","timestamp":"2025-06-08 02:29:15"}
{"level":"error","message":"Error in getUserPreferences: [object Object]","service":"userData","timestamp":"2025-06-08 02:29:15"}
{"level":"info","message":"Fetching preferences for user default_user","service":"userData","timestamp":"2025-06-08 02:29:37"}
{"level":"error","message":"Error fetching user preferences: relation \"public.user_profiles\" does not exist","service":"userData","timestamp":"2025-06-08 02:29:37"}
{"level":"error","message":"Error in getUserPreferences: [object Object]","service":"userData","timestamp":"2025-06-08 02:29:37"}
{"level":"info","message":"Fetching preferences for user default_user","service":"userData","timestamp":"2025-06-08 02:30:01"}
{"level":"error","message":"Error fetching user preferences: relation \"public.user_profiles\" does not exist","service":"userData","timestamp":"2025-06-08 02:30:01"}
{"level":"error","message":"Error in getUserPreferences: [object Object]","service":"userData","timestamp":"2025-06-08 02:30:01"}
{"level":"info","message":"Fetching preferences for user default_user","service":"userData","timestamp":"2025-06-08 02:47:31"}
{"level":"error","message":"Error fetching user preferences: invalid input syntax for type uuid: \"default_user\"","service":"userData","timestamp":"2025-06-08 02:47:31"}
{"level":"error","message":"Error in getUserPreferences: [object Object]","service":"userData","timestamp":"2025-06-08 02:47:31"}
{"level":"info","message":"Fetching preferences for user default_user","service":"userData","timestamp":"2025-06-08 02:47:52"}
{"level":"error","message":"Error fetching user preferences: invalid input syntax for type uuid: \"default_user\"","service":"userData","timestamp":"2025-06-08 02:47:52"}
{"level":"error","message":"Error in getUserPreferences: [object Object]","service":"userData","timestamp":"2025-06-08 02:47:52"}
{"level":"info","message":"Fetching preferences for user default_user","service":"userData","timestamp":"2025-06-08 02:48:27"}
{"level":"error","message":"Error fetching user preferences: invalid input syntax for type uuid: \"default_user\"","service":"userData","timestamp":"2025-06-08 02:48:28"}
{"level":"error","message":"Error in getUserPreferences: [object Object]","service":"userData","timestamp":"2025-06-08 02:48:28"}
{"level":"info","message":"Fetching preferences for user f08b56d3-d4ec-4815-b502-6647d723d2a6","service":"userData","timestamp":"2025-06-08 03:40:55"}
{"level":"error","message":"Error fetching user preferences: JSON object requested, multiple (or no) rows returned","service":"userData","timestamp":"2025-06-08 03:40:55"}
{"level":"error","message":"Error in getUserPreferences: [object Object]","service":"userData","timestamp":"2025-06-08 03:40:55"}
{"level":"info","message":"Fetching preferences for user f08b56d3-d4ec-4815-b502-6647d723d2a6","service":"userData","timestamp":"2025-06-08 03:41:25"}
{"level":"error","message":"Error fetching user preferences: JSON object requested, multiple (or no) rows returned","service":"userData","timestamp":"2025-06-08 03:41:25"}
{"level":"error","message":"Error in getUserPreferences: [object Object]","service":"userData","timestamp":"2025-06-08 03:41:25"}
{"level":"info","message":"Fetching preferences for user f08b56d3-d4ec-4815-b502-6647d723d2a6","service":"userData","timestamp":"2025-06-08 03:41:49"}
{"level":"error","message":"Error fetching user preferences: JSON object requested, multiple (or no) rows returned","service":"userData","timestamp":"2025-06-08 03:41:49"}
{"level":"error","message":"Error in getUserPreferences: [object Object]","service":"userData","timestamp":"2025-06-08 03:41:49"}
{"level":"info","message":"Fetching preferences for user f08b56d3-d4ec-4815-b502-6647d723d2a6","service":"userData","timestamp":"2025-06-08 05:07:03"}
{"level":"info","message":"Using mock user preferences for development (user preference form not implemented yet)","service":"userData","timestamp":"2025-06-08 05:07:03"}
{"level":"info","message":"Fetching preferences for user f08b56d3-d4ec-4815-b502-6647d723d2a6","service":"userData","timestamp":"2025-06-08 05:08:13"}
{"level":"info","message":"Using mock user preferences for development (user preference form not implemented yet)","service":"userData","timestamp":"2025-06-08 05:08:13"}
{"level":"info","message":"Fetching preferences for user f08b56d3-d4ec-4815-b502-6647d723d2a6","service":"userData","timestamp":"2025-06-08 05:08:26"}
{"level":"info","message":"Using mock user preferences for development (user preference form not implemented yet)","service":"userData","timestamp":"2025-06-08 05:08:26"}
{"level":"info","message":"Fetching preferences for user f08b56d3-d4ec-4815-b502-6647d723d2a6","service":"userData","timestamp":"2025-06-08 05:08:47"}
{"level":"info","message":"Using mock user preferences for development (user preference form not implemented yet)","service":"userData","timestamp":"2025-06-08 05:08:47"}
{"level":"info","message":"Fetching preferences for user f08b56d3-d4ec-4815-b502-6647d723d2a6","service":"userData","timestamp":"2025-06-08 05:23:45"}
{"level":"info","message":"Using mock user preferences for development (user preference form not implemented yet)","service":"userData","timestamp":"2025-06-08 05:23:45"}
{"level":"info","message":"Fetching preferences for user f08b56d3-d4ec-4815-b502-6647d723d2a6","service":"userData","timestamp":"2025-06-08 05:24:06"}
{"level":"info","message":"Using mock user preferences for development (user preference form not implemented yet)","service":"userData","timestamp":"2025-06-08 05:24:06"}
{"level":"info","message":"Fetching preferences for user f08b56d3-d4ec-4815-b502-6647d723d2a6","service":"userData","timestamp":"2025-06-08 05:47:51"}
{"level":"info","message":"Using mock user preferences for development (user preference form not implemented yet)","service":"userData","timestamp":"2025-06-08 05:47:51"}
{"level":"info","message":"Fetching preferences for user f08b56d3-d4ec-4815-b502-6647d723d2a6","service":"userData","timestamp":"2025-06-08 05:48:14"}
{"level":"info","message":"Using mock user preferences for development (user preference form not implemented yet)","service":"userData","timestamp":"2025-06-08 05:48:14"}
{"level":"info","message":"Fetching preferences for user f08b56d3-d4ec-4815-b502-6647d723d2a6","service":"userData","timestamp":"2025-06-08 07:50:25"}
{"level":"info","message":"Using mock user preferences for development (user preference form not implemented yet)","service":"userData","timestamp":"2025-06-08 07:50:25"}
{"level":"info","message":"Fetching preferences for user f08b56d3-d4ec-4815-b502-6647d723d2a6","service":"userData","timestamp":"2025-06-08 07:50:48"}
{"level":"info","message":"Using mock user preferences for development (user preference form not implemented yet)","service":"userData","timestamp":"2025-06-08 07:50:48"}
{"level":"info","message":"Fetching preferences for user f08b56d3-d4ec-4815-b502-6647d723d2a6","service":"userData","timestamp":"2025-06-08 08:03:53"}
{"level":"info","message":"Using mock user preferences for development (user preference form not implemented yet)","service":"userData","timestamp":"2025-06-08 08:03:53"}
{"level":"info","message":"Fetching preferences for user f08b56d3-d4ec-4815-b502-6647d723d2a6","service":"userData","timestamp":"2025-06-08 08:04:15"}
{"level":"info","message":"Using mock user preferences for development (user preference form not implemented yet)","service":"userData","timestamp":"2025-06-08 08:04:15"}
{"level":"info","message":"Fetching preferences for user f08b56d3-d4ec-4815-b502-6647d723d2a6","service":"userData","timestamp":"2025-06-08 08:07:50"}
{"level":"info","message":"Using mock user preferences for development (user preference form not implemented yet)","service":"userData","timestamp":"2025-06-08 08:07:50"}
{"level":"info","message":"Fetching preferences for user f08b56d3-d4ec-4815-b502-6647d723d2a6","service":"userData","timestamp":"2025-06-08 08:08:16"}
{"level":"info","message":"Using mock user preferences for development (user preference form not implemented yet)","service":"userData","timestamp":"2025-06-08 08:08:16"}
{"level":"info","message":"Fetching preferences for user f08b56d3-d4ec-4815-b502-6647d723d2a6","service":"userData","timestamp":"2025-06-08 08:17:42"}
{"level":"info","message":"Using mock user preferences for development (user preference form not implemented yet)","service":"userData","timestamp":"2025-06-08 08:17:42"}
{"level":"info","message":"Fetching preferences for user f08b56d3-d4ec-4815-b502-6647d723d2a6","service":"userData","timestamp":"2025-06-08 08:18:06"}
{"level":"info","message":"Using mock user preferences for development (user preference form not implemented yet)","service":"userData","timestamp":"2025-06-08 08:18:06"}
{"level":"info","message":"Fetching preferences for user f08b56d3-d4ec-4815-b502-6647d723d2a6","service":"userData","timestamp":"2025-06-08 08:18:34"}
{"level":"info","message":"Using mock user preferences for development (user preference form not implemented yet)","service":"userData","timestamp":"2025-06-08 08:18:34"}
{"level":"info","message":"Fetching preferences for user f08b56d3-d4ec-4815-b502-6647d723d2a6","service":"userData","timestamp":"2025-06-08 08:18:58"}
{"level":"info","message":"Using mock user preferences for development (user preference form not implemented yet)","service":"userData","timestamp":"2025-06-08 08:18:58"}
{"level":"info","message":"Fetching preferences for user f08b56d3-d4ec-4815-b502-6647d723d2a6","service":"userData","timestamp":"2025-06-08 08:19:53"}
{"level":"info","message":"Using mock user preferences for development (user preference form not implemented yet)","service":"userData","timestamp":"2025-06-08 08:19:53"}
{"level":"info","message":"Fetching preferences for user f08b56d3-d4ec-4815-b502-6647d723d2a6","service":"userData","timestamp":"2025-06-08 08:20:20"}
{"level":"info","message":"Using mock user preferences for development (user preference form not implemented yet)","service":"userData","timestamp":"2025-06-08 08:20:20"}
{"level":"info","message":"Fetching preferences for user f08b56d3-d4ec-4815-b502-6647d723d2a6","service":"userData","timestamp":"2025-06-08 08:22:46"}
{"level":"info","message":"Using mock user preferences for development (user preference form not implemented yet)","service":"userData","timestamp":"2025-06-08 08:22:46"}
{"level":"info","message":"Fetching preferences for user f08b56d3-d4ec-4815-b502-6647d723d2a6","service":"userData","timestamp":"2025-06-08 08:23:11"}
{"level":"info","message":"Using mock user preferences for development (user preference form not implemented yet)","service":"userData","timestamp":"2025-06-08 08:23:11"}
{"level":"info","message":"Fetching preferences for user f08b56d3-d4ec-4815-b502-6647d723d2a6","service":"userData","timestamp":"2025-06-08 08:23:52"}
{"level":"info","message":"Using mock user preferences for development (user preference form not implemented yet)","service":"userData","timestamp":"2025-06-08 08:23:52"}
{"level":"info","message":"Fetching preferences for user f08b56d3-d4ec-4815-b502-6647d723d2a6","service":"userData","timestamp":"2025-06-08 08:24:25"}
{"level":"info","message":"Using mock user preferences for development (user preference form not implemented yet)","service":"userData","timestamp":"2025-06-08 08:24:25"}
{"level":"info","message":"Fetching preferences for user f08b56d3-d4ec-4815-b502-6647d723d2a6","service":"userData","timestamp":"2025-06-08 08:33:14"}
{"level":"info","message":"Using mock user preferences for development (user preference form not implemented yet)","service":"userData","timestamp":"2025-06-08 08:33:14"}
{"level":"info","message":"Fetching preferences for user f08b56d3-d4ec-4815-b502-6647d723d2a6","service":"userData","timestamp":"2025-06-08 08:33:40"}
{"level":"info","message":"Using mock user preferences for development (user preference form not implemented yet)","service":"userData","timestamp":"2025-06-08 08:33:40"}
{"level":"info","message":"Fetching preferences for user f08b56d3-d4ec-4815-b502-6647d723d2a6","service":"userData","timestamp":"2025-06-08 08:34:18"}
{"level":"info","message":"Using mock user preferences for development (user preference form not implemented yet)","service":"userData","timestamp":"2025-06-08 08:34:18"}
{"level":"info","message":"Fetching preferences for user f08b56d3-d4ec-4815-b502-6647d723d2a6","service":"userData","timestamp":"2025-06-08 08:34:44"}
{"level":"info","message":"Using mock user preferences for development (user preference form not implemented yet)","service":"userData","timestamp":"2025-06-08 08:34:44"}
{"level":"info","message":"Fetching preferences for user f08b56d3-d4ec-4815-b502-6647d723d2a6","service":"userData","timestamp":"2025-06-08 09:04:16"}
{"level":"info","message":"Using mock user preferences for development (user preference form not implemented yet)","service":"userData","timestamp":"2025-06-08 09:04:16"}
{"level":"info","message":"Fetching preferences for user f08b56d3-d4ec-4815-b502-6647d723d2a6","service":"userData","timestamp":"2025-06-08 09:04:46"}
{"level":"info","message":"Using mock user preferences for development (user preference form not implemented yet)","service":"userData","timestamp":"2025-06-08 09:04:46"}
{"level":"info","message":"Fetching preferences for user f08b56d3-d4ec-4815-b502-6647d723d2a6","service":"userData","timestamp":"2025-06-08 09:16:22"}
{"level":"info","message":"Using mock user preferences for development (user preference form not implemented yet)","service":"userData","timestamp":"2025-06-08 09:16:22"}
{"level":"info","message":"Fetching preferences for user f08b56d3-d4ec-4815-b502-6647d723d2a6","service":"userData","timestamp":"2025-06-08 09:16:46"}
{"level":"info","message":"Using mock user preferences for development (user preference form not implemented yet)","service":"userData","timestamp":"2025-06-08 09:16:46"}
{"level":"info","message":"Fetching preferences for user f08b56d3-d4ec-4815-b502-6647d723d2a6","service":"userData","timestamp":"2025-06-08 09:44:53"}
{"level":"info","message":"Using mock user preferences for development (user preference form not implemented yet)","service":"userData","timestamp":"2025-06-08 09:44:53"}
{"level":"info","message":"Fetching preferences for user f08b56d3-d4ec-4815-b502-6647d723d2a6","service":"userData","timestamp":"2025-06-08 09:45:22"}
{"level":"info","message":"Using mock user preferences for development (user preference form not implemented yet)","service":"userData","timestamp":"2025-06-08 09:45:22"}
{"level":"info","message":"Fetching preferences for user f08b56d3-d4ec-4815-b502-6647d723d2a6","service":"userData","timestamp":"2025-06-08 10:30:12"}
{"level":"info","message":"Using mock user preferences for development (user preference form not implemented yet)","service":"userData","timestamp":"2025-06-08 10:30:12"}
{"level":"info","message":"Fetching preferences for user f08b56d3-d4ec-4815-b502-6647d723d2a6","service":"userData","timestamp":"2025-06-08 10:30:40"}
{"level":"info","message":"Using mock user preferences for development (user preference form not implemented yet)","service":"userData","timestamp":"2025-06-08 10:30:40"}
{"level":"info","message":"Fetching preferences for user f08b56d3-d4ec-4815-b502-6647d723d2a6","service":"userData","timestamp":"2025-06-08 10:51:01"}
{"level":"info","message":"Using mock user preferences for development (user preference form not implemented yet)","service":"userData","timestamp":"2025-06-08 10:51:01"}
{"level":"info","message":"Fetching preferences for user f08b56d3-d4ec-4815-b502-6647d723d2a6","service":"userData","timestamp":"2025-06-08 10:51:09"}
{"level":"info","message":"Using mock user preferences for development (user preference form not implemented yet)","service":"userData","timestamp":"2025-06-08 10:51:09"}
{"level":"info","message":"Fetching preferences for user f08b56d3-d4ec-4815-b502-6647d723d2a6","service":"userData","timestamp":"2025-06-08 10:51:41"}
{"level":"info","message":"Using mock user preferences for development (user preference form not implemented yet)","service":"userData","timestamp":"2025-06-08 10:51:41"}
{"level":"info","message":"Fetching preferences for user f08b56d3-d4ec-4815-b502-6647d723d2a6","service":"userData","timestamp":"2025-06-08 12:13:26"}
{"level":"info","message":"Using mock user preferences for development (user preference form not implemented yet)","service":"userData","timestamp":"2025-06-08 12:13:26"}
{"level":"info","message":"Fetching preferences for user f08b56d3-d4ec-4815-b502-6647d723d2a6","service":"userData","timestamp":"2025-06-08 12:13:51"}
{"level":"info","message":"Using mock user preferences for development (user preference form not implemented yet)","service":"userData","timestamp":"2025-06-08 12:13:51"}
{"level":"info","message":"Fetching preferences for user f08b56d3-d4ec-4815-b502-6647d723d2a6","service":"userData","timestamp":"2025-06-08 12:14:29"}
{"level":"info","message":"Using mock user preferences for development (user preference form not implemented yet)","service":"userData","timestamp":"2025-06-08 12:14:29"}
{"level":"info","message":"Fetching preferences for user f08b56d3-d4ec-4815-b502-6647d723d2a6","service":"userData","timestamp":"2025-06-08 12:14:36"}
{"level":"info","message":"Using mock user preferences for development (user preference form not implemented yet)","service":"userData","timestamp":"2025-06-08 12:14:36"}
{"level":"info","message":"Fetching preferences for user f08b56d3-d4ec-4815-b502-6647d723d2a6","service":"userData","timestamp":"2025-06-08 12:21:01"}
{"level":"info","message":"Using mock user preferences for development (user preference form not implemented yet)","service":"userData","timestamp":"2025-06-08 12:21:01"}
{"level":"info","message":"Fetching preferences for user f08b56d3-d4ec-4815-b502-6647d723d2a6","service":"userData","timestamp":"2025-06-08 12:21:24"}
{"level":"info","message":"Using mock user preferences for development (user preference form not implemented yet)","service":"userData","timestamp":"2025-06-08 12:21:24"}
{"level":"info","message":"Fetching preferences for user f08b56d3-d4ec-4815-b502-6647d723d2a6","service":"userData","timestamp":"2025-06-08 13:36:55"}
{"level":"info","message":"Using mock user preferences for development (user preference form not implemented yet)","service":"userData","timestamp":"2025-06-08 13:36:55"}
{"level":"info","message":"Fetching preferences for user f08b56d3-d4ec-4815-b502-6647d723d2a6","service":"userData","timestamp":"2025-06-08 13:37:17"}
{"level":"info","message":"Using mock user preferences for development (user preference form not implemented yet)","service":"userData","timestamp":"2025-06-08 13:37:17"}
{"level":"info","message":"Fetching preferences for user f08b56d3-d4ec-4815-b502-6647d723d2a6","service":"userData","timestamp":"2025-06-08 13:41:53"}
{"level":"info","message":"Using mock user preferences for development (user preference form not implemented yet)","service":"userData","timestamp":"2025-06-08 13:41:53"}
{"level":"info","message":"Fetching preferences for user f08b56d3-d4ec-4815-b502-6647d723d2a6","service":"userData","timestamp":"2025-06-08 13:42:14"}
{"level":"info","message":"Using mock user preferences for development (user preference form not implemented yet)","service":"userData","timestamp":"2025-06-08 13:42:14"}
{"level":"info","message":"Fetching preferences for user f08b56d3-d4ec-4815-b502-6647d723d2a6","service":"userData","timestamp":"2025-06-08 14:52:14"}
{"level":"info","message":"Using mock user preferences for development (user preference form not implemented yet)","service":"userData","timestamp":"2025-06-08 14:52:14"}
{"level":"info","message":"Fetching preferences for user f08b56d3-d4ec-4815-b502-6647d723d2a6","service":"userData","timestamp":"2025-06-08 14:52:41"}
{"level":"info","message":"Using mock user preferences for development (user preference form not implemented yet)","service":"userData","timestamp":"2025-06-08 14:52:41"}
{"level":"info","message":"Fetching preferences for user f08b56d3-d4ec-4815-b502-6647d723d2a6","service":"userData","timestamp":"2025-06-08 19:02:20"}
{"level":"info","message":"Using mock user preferences for development (user preference form not implemented yet)","service":"userData","timestamp":"2025-06-08 19:02:20"}
{"level":"info","message":"Fetching preferences for user f08b56d3-d4ec-4815-b502-6647d723d2a6","service":"userData","timestamp":"2025-06-08 19:02:43"}
{"level":"info","message":"Using mock user preferences for development (user preference form not implemented yet)","service":"userData","timestamp":"2025-06-08 19:02:43"}
{"level":"info","message":"Fetching preferences for user f08b56d3-d4ec-4815-b502-6647d723d2a6","service":"userData","timestamp":"2025-06-08 20:04:32"}
{"level":"info","message":"Using mock user preferences for development (user preference form not implemented yet)","service":"userData","timestamp":"2025-06-08 20:04:32"}
{"level":"info","message":"Fetching preferences for user f08b56d3-d4ec-4815-b502-6647d723d2a6","service":"userData","timestamp":"2025-06-08 20:16:02"}
{"level":"info","message":"Using mock user preferences for development (user preference form not implemented yet)","service":"userData","timestamp":"2025-06-08 20:16:02"}
{"level":"info","message":"Fetching preferences for user f08b56d3-d4ec-4815-b502-6647d723d2a6","service":"userData","timestamp":"2025-06-08 21:21:41"}
{"level":"info","message":"Using mock user preferences for development (user preference form not implemented yet)","service":"userData","timestamp":"2025-06-08 21:21:41"}
{"level":"info","message":"Fetching preferences for user f08b56d3-d4ec-4815-b502-6647d723d2a6","service":"userData","timestamp":"2025-06-08 21:31:21"}
{"level":"info","message":"Using mock user preferences for development (user preference form not implemented yet)","service":"userData","timestamp":"2025-06-08 21:31:21"}
{"level":"info","message":"Fetching preferences for user f08b56d3-d4ec-4815-b502-6647d723d2a6","service":"userData","timestamp":"2025-06-09 02:23:44"}
{"level":"info","message":"Using mock user preferences for development (user preference form not implemented yet)","service":"userData","timestamp":"2025-06-09 02:23:44"}
{"level":"info","message":"Fetching preferences for user f08b56d3-d4ec-4815-b502-6647d723d2a6","service":"userData","timestamp":"2025-06-09 02:23:50"}
{"level":"info","message":"Using mock user preferences for development (user preference form not implemented yet)","service":"userData","timestamp":"2025-06-09 02:23:50"}
{"level":"info","message":"Fetching preferences for user f08b56d3-d4ec-4815-b502-6647d723d2a6","service":"userData","timestamp":"2025-06-09 02:24:26"}
{"level":"info","message":"Using mock user preferences for development (user preference form not implemented yet)","service":"userData","timestamp":"2025-06-09 02:24:26"}
{"level":"info","message":"Fetching preferences for user f08b56d3-d4ec-4815-b502-6647d723d2a6","service":"userData","timestamp":"2025-06-09 02:46:39"}
{"level":"info","message":"Using mock user preferences for development (user preference form not implemented yet)","service":"userData","timestamp":"2025-06-09 02:46:39"}
{"level":"info","message":"Fetching preferences for user f08b56d3-d4ec-4815-b502-6647d723d2a6","service":"userData","timestamp":"2025-06-09 02:47:04"}
{"level":"info","message":"Using mock user preferences for development (user preference form not implemented yet)","service":"userData","timestamp":"2025-06-09 02:47:04"}
{"level":"info","message":"Fetching preferences for user f08b56d3-d4ec-4815-b502-6647d723d2a6","service":"userData","timestamp":"2025-06-09 02:47:35"}
{"level":"info","message":"Using mock user preferences for development (user preference form not implemented yet)","service":"userData","timestamp":"2025-06-09 02:47:35"}
{"level":"info","message":"Fetching preferences for user f08b56d3-d4ec-4815-b502-6647d723d2a6","service":"userData","timestamp":"2025-06-09 02:48:02"}
{"level":"info","message":"Using mock user preferences for development (user preference form not implemented yet)","service":"userData","timestamp":"2025-06-09 02:48:02"}
{"level":"info","message":"Fetching preferences for user f08b56d3-d4ec-4815-b502-6647d723d2a6","service":"userData","timestamp":"2025-06-09 02:48:14"}
{"level":"info","message":"Using mock user preferences for development (user preference form not implemented yet)","service":"userData","timestamp":"2025-06-09 02:48:14"}
{"level":"info","message":"Fetching preferences for user f08b56d3-d4ec-4815-b502-6647d723d2a6","service":"userData","timestamp":"2025-06-09 02:48:59"}
{"level":"info","message":"Using mock user preferences for development (user preference form not implemented yet)","service":"userData","timestamp":"2025-06-09 02:48:59"}
{"level":"info","message":"Fetching preferences for user f08b56d3-d4ec-4815-b502-6647d723d2a6","service":"userData","timestamp":"2025-06-09 02:49:28"}
{"level":"info","message":"Using mock user preferences for development (user preference form not implemented yet)","service":"userData","timestamp":"2025-06-09 02:49:28"}
{"level":"info","message":"Fetching preferences for user f08b56d3-d4ec-4815-b502-6647d723d2a6","service":"userData","timestamp":"2025-06-09 03:18:47"}
{"level":"info","message":"Using mock user preferences for development (user preference form not implemented yet)","service":"userData","timestamp":"2025-06-09 03:18:47"}
{"level":"info","message":"Fetching preferences for user f08b56d3-d4ec-4815-b502-6647d723d2a6","service":"userData","timestamp":"2025-06-09 03:19:16"}
{"level":"info","message":"Using mock user preferences for development (user preference form not implemented yet)","service":"userData","timestamp":"2025-06-09 03:19:16"}
{"level":"info","message":"Fetching preferences for user f08b56d3-d4ec-4815-b502-6647d723d2a6","service":"userData","timestamp":"2025-06-09 03:39:10"}
{"level":"info","message":"Using mock user preferences for development (user preference form not implemented yet)","service":"userData","timestamp":"2025-06-09 03:39:10"}
{"level":"info","message":"Fetching preferences for user f08b56d3-d4ec-4815-b502-6647d723d2a6","service":"userData","timestamp":"2025-06-09 03:39:37"}
{"level":"info","message":"Using mock user preferences for development (user preference form not implemented yet)","service":"userData","timestamp":"2025-06-09 03:39:37"}
{"level":"info","message":"Fetching preferences for user f08b56d3-d4ec-4815-b502-6647d723d2a6","service":"userData","timestamp":"2025-06-09 03:42:13"}
{"level":"info","message":"Using mock user preferences for development (user preference form not implemented yet)","service":"userData","timestamp":"2025-06-09 03:42:13"}
{"level":"info","message":"Fetching preferences for user f08b56d3-d4ec-4815-b502-6647d723d2a6","service":"userData","timestamp":"2025-06-09 03:42:41"}
{"level":"info","message":"Using mock user preferences for development (user preference form not implemented yet)","service":"userData","timestamp":"2025-06-09 03:42:41"}
{"level":"info","message":"Fetching preferences for user f08b56d3-d4ec-4815-b502-6647d723d2a6","service":"userData","timestamp":"2025-06-09 03:46:49"}
{"level":"info","message":"Using mock user preferences for development (user preference form not implemented yet)","service":"userData","timestamp":"2025-06-09 03:46:49"}
{"level":"info","message":"Fetching preferences for user f08b56d3-d4ec-4815-b502-6647d723d2a6","service":"userData","timestamp":"2025-06-09 03:46:53"}
{"level":"info","message":"Using mock user preferences for development (user preference form not implemented yet)","service":"userData","timestamp":"2025-06-09 03:46:53"}
{"level":"info","message":"Fetching preferences for user f08b56d3-d4ec-4815-b502-6647d723d2a6","service":"userData","timestamp":"2025-06-09 03:47:18"}
{"level":"info","message":"Using mock user preferences for development (user preference form not implemented yet)","service":"userData","timestamp":"2025-06-09 03:47:18"}
{"level":"info","message":"Fetching preferences for user f08b56d3-d4ec-4815-b502-6647d723d2a6","service":"userData","timestamp":"2025-06-09 03:47:48"}
{"level":"info","message":"Using mock user preferences for development (user preference form not implemented yet)","service":"userData","timestamp":"2025-06-09 03:47:48"}
{"level":"info","message":"Fetching preferences for user f08b56d3-d4ec-4815-b502-6647d723d2a6","service":"userData","timestamp":"2025-06-09 03:48:15"}
{"level":"info","message":"Using mock user preferences for development (user preference form not implemented yet)","service":"userData","timestamp":"2025-06-09 03:48:15"}
{"level":"info","message":"Fetching preferences for user f08b56d3-d4ec-4815-b502-6647d723d2a6","service":"userData","timestamp":"2025-06-09 03:48:35"}
{"level":"info","message":"Using mock user preferences for development (user preference form not implemented yet)","service":"userData","timestamp":"2025-06-09 03:48:35"}
{"level":"info","message":"Fetching preferences for user f08b56d3-d4ec-4815-b502-6647d723d2a6","service":"userData","timestamp":"2025-06-09 03:55:42"}
{"level":"info","message":"Using mock user preferences for development (user preference form not implemented yet)","service":"userData","timestamp":"2025-06-09 03:55:42"}
{"level":"info","message":"Fetching preferences for user f08b56d3-d4ec-4815-b502-6647d723d2a6","service":"userData","timestamp":"2025-06-09 03:56:10"}
{"level":"info","message":"Using mock user preferences for development (user preference form not implemented yet)","service":"userData","timestamp":"2025-06-09 03:56:10"}
{"level":"info","message":"Fetching preferences for user f08b56d3-d4ec-4815-b502-6647d723d2a6","service":"userData","timestamp":"2025-06-09 03:56:40"}
{"level":"info","message":"Using mock user preferences for development (user preference form not implemented yet)","service":"userData","timestamp":"2025-06-09 03:56:40"}
{"level":"info","message":"Fetching preferences for user f08b56d3-d4ec-4815-b502-6647d723d2a6","service":"userData","timestamp":"2025-06-09 03:57:05"}
{"level":"info","message":"Using mock user preferences for development (user preference form not implemented yet)","service":"userData","timestamp":"2025-06-09 03:57:05"}
{"level":"info","message":"Fetching preferences for user f08b56d3-d4ec-4815-b502-6647d723d2a6","service":"userData","timestamp":"2025-06-09 03:57:25"}
{"level":"info","message":"Using mock user preferences for development (user preference form not implemented yet)","service":"userData","timestamp":"2025-06-09 03:57:25"}
{"level":"info","message":"Fetching preferences for user f08b56d3-d4ec-4815-b502-6647d723d2a6","service":"userData","timestamp":"2025-06-09 04:14:32"}
{"level":"info","message":"Using mock user preferences for development (user preference form not implemented yet)","service":"userData","timestamp":"2025-06-09 04:14:32"}
{"level":"info","message":"Fetching preferences for user f08b56d3-d4ec-4815-b502-6647d723d2a6","service":"userData","timestamp":"2025-06-09 04:27:54"}
{"level":"info","message":"Using mock user preferences for development (user preference form not implemented yet)","service":"userData","timestamp":"2025-06-09 04:27:54"}
{"level":"info","message":"Fetching preferences for user f08b56d3-d4ec-4815-b502-6647d723d2a6","service":"userData","timestamp":"2025-06-09 04:28:22"}
{"level":"info","message":"Using mock user preferences for development (user preference form not implemented yet)","service":"userData","timestamp":"2025-06-09 04:28:22"}
{"level":"info","message":"Fetching preferences for user f08b56d3-d4ec-4815-b502-6647d723d2a6","service":"userData","timestamp":"2025-06-09 04:28:49"}
{"level":"info","message":"Using mock user preferences for development (user preference form not implemented yet)","service":"userData","timestamp":"2025-06-09 04:28:49"}
{"level":"info","message":"Fetching preferences for user f08b56d3-d4ec-4815-b502-6647d723d2a6","service":"userData","timestamp":"2025-06-09 04:29:18"}
{"level":"info","message":"Using mock user preferences for development (user preference form not implemented yet)","service":"userData","timestamp":"2025-06-09 04:29:18"}
{"level":"info","message":"Fetching preferences for user f08b56d3-d4ec-4815-b502-6647d723d2a6","service":"userData","timestamp":"2025-06-09 04:29:46"}
{"level":"info","message":"Using mock user preferences for development (user preference form not implemented yet)","service":"userData","timestamp":"2025-06-09 04:29:46"}
{"level":"info","message":"Fetching preferences for user f08b56d3-d4ec-4815-b502-6647d723d2a6","service":"userData","timestamp":"2025-06-09 04:30:16"}
{"level":"info","message":"Using mock user preferences for development (user preference form not implemented yet)","service":"userData","timestamp":"2025-06-09 04:30:16"}
{"level":"info","message":"Fetching preferences for user f08b56d3-d4ec-4815-b502-6647d723d2a6","service":"userData","timestamp":"2025-06-09 04:35:35"}
{"level":"info","message":"Using mock user preferences for development (user preference form not implemented yet)","service":"userData","timestamp":"2025-06-09 04:35:35"}
{"level":"info","message":"Fetching preferences for user f08b56d3-d4ec-4815-b502-6647d723d2a6","service":"userData","timestamp":"2025-06-09 04:38:24"}
{"level":"info","message":"Using mock user preferences for development (user preference form not implemented yet)","service":"userData","timestamp":"2025-06-09 04:38:24"}
{"level":"info","message":"Fetching preferences for user f08b56d3-d4ec-4815-b502-6647d723d2a6","service":"userData","timestamp":"2025-06-09 04:38:55"}
{"level":"info","message":"Using mock user preferences for development (user preference form not implemented yet)","service":"userData","timestamp":"2025-06-09 04:38:55"}
{"level":"info","message":"Fetching preferences for user f08b56d3-d4ec-4815-b502-6647d723d2a6","service":"userData","timestamp":"2025-06-09 04:39:27"}
{"level":"info","message":"Using mock user preferences for development (user preference form not implemented yet)","service":"userData","timestamp":"2025-06-09 04:39:27"}
{"level":"info","message":"Fetching preferences for user f08b56d3-d4ec-4815-b502-6647d723d2a6","service":"userData","timestamp":"2025-06-09 04:39:54"}
{"level":"info","message":"Using mock user preferences for development (user preference form not implemented yet)","service":"userData","timestamp":"2025-06-09 04:39:54"}
{"level":"info","message":"Fetching preferences for user f08b56d3-d4ec-4815-b502-6647d723d2a6","service":"userData","timestamp":"2025-06-09 04:40:09"}
{"level":"info","message":"Using mock user preferences for development (user preference form not implemented yet)","service":"userData","timestamp":"2025-06-09 04:40:09"}
{"level":"info","message":"Fetching preferences for user f08b56d3-d4ec-4815-b502-6647d723d2a6","service":"userData","timestamp":"2025-06-09 04:40:15"}
{"level":"info","message":"Using mock user preferences for development (user preference form not implemented yet)","service":"userData","timestamp":"2025-06-09 04:40:15"}
{"level":"info","message":"Fetching preferences for user f08b56d3-d4ec-4815-b502-6647d723d2a6","service":"userData","timestamp":"2025-06-09 04:40:44"}
{"level":"info","message":"Using mock user preferences for development (user preference form not implemented yet)","service":"userData","timestamp":"2025-06-09 04:40:44"}
{"level":"info","message":"Fetching preferences for user f08b56d3-d4ec-4815-b502-6647d723d2a6","service":"userData","timestamp":"2025-06-09 04:41:22"}
{"level":"info","message":"Using mock user preferences for development (user preference form not implemented yet)","service":"userData","timestamp":"2025-06-09 04:41:22"}
{"level":"info","message":"Fetching preferences for user f08b56d3-d4ec-4815-b502-6647d723d2a6","service":"userData","timestamp":"2025-06-09 04:41:51"}
{"level":"info","message":"Using mock user preferences for development (user preference form not implemented yet)","service":"userData","timestamp":"2025-06-09 04:41:51"}
{"level":"info","message":"Fetching preferences for user f08b56d3-d4ec-4815-b502-6647d723d2a6","service":"userData","timestamp":"2025-06-09 04:42:13"}
{"level":"info","message":"Using mock user preferences for development (user preference form not implemented yet)","service":"userData","timestamp":"2025-06-09 04:42:13"}
{"level":"info","message":"Fetching preferences for user f08b56d3-d4ec-4815-b502-6647d723d2a6","service":"userData","timestamp":"2025-06-09 04:43:37"}
{"level":"info","message":"Using mock user preferences for development (user preference form not implemented yet)","service":"userData","timestamp":"2025-06-09 04:43:37"}
{"level":"info","message":"Fetching preferences for user f08b56d3-d4ec-4815-b502-6647d723d2a6","service":"userData","timestamp":"2025-06-09 04:43:38"}
{"level":"info","message":"Using mock user preferences for development (user preference form not implemented yet)","service":"userData","timestamp":"2025-06-09 04:43:38"}
{"level":"info","message":"Fetching preferences for user f08b56d3-d4ec-4815-b502-6647d723d2a6","service":"userData","timestamp":"2025-06-09 04:48:07"}
{"level":"info","message":"Using mock user preferences for development (user preference form not implemented yet)","service":"userData","timestamp":"2025-06-09 04:48:07"}
{"level":"info","message":"Fetching preferences for user test-new-user-123","service":"userData","timestamp":"2025-06-09 04:58:29"}
{"level":"info","message":"Using mock user preferences for development (user preference form not implemented yet)","service":"userData","timestamp":"2025-06-09 04:58:29"}
{"level":"info","message":"Fetching preferences for user test-new-user-123","service":"userData","timestamp":"2025-06-09 04:58:59"}
{"level":"info","message":"Using mock user preferences for development (user preference form not implemented yet)","service":"userData","timestamp":"2025-06-09 04:58:59"}
{"level":"info","message":"Fetching preferences for user f08b56d3-d4ec-4815-b502-6647d723d2a6","service":"userData","timestamp":"2025-06-09 05:07:19"}
{"level":"info","message":"Using mock user preferences for development (user preference form not implemented yet)","service":"userData","timestamp":"2025-06-09 05:07:19"}
{"level":"info","message":"Fetching preferences for user f08b56d3-d4ec-4815-b502-6647d723d2a6","service":"userData","timestamp":"2025-06-09 05:07:38"}
{"level":"info","message":"Using mock user preferences for development (user preference form not implemented yet)","service":"userData","timestamp":"2025-06-09 05:07:38"}
{"level":"info","message":"Fetching preferences for user f08b56d3-d4ec-4815-b502-6647d723d2a6","service":"userData","timestamp":"2025-06-09 05:08:04"}
{"level":"info","message":"Using mock user preferences for development (user preference form not implemented yet)","service":"userData","timestamp":"2025-06-09 05:08:04"}
{"level":"info","message":"Fetching preferences for user default_user","service":"userData","timestamp":"2025-06-09 05:28:54"}
{"level":"error","message":"Error fetching user preferences: relation \"public.user_profiles\" does not exist","service":"userData","timestamp":"2025-06-09 05:28:54"}
{"level":"error","message":"Error in getUserPreferences: [object Object]","service":"userData","timestamp":"2025-06-09 05:28:54"}
{"level":"info","message":"Fetching preferences for user default_user","service":"userData","timestamp":"2025-06-09 05:29:21"}
{"level":"error","message":"Error fetching user preferences: relation \"public.user_profiles\" does not exist","service":"userData","timestamp":"2025-06-09 05:29:21"}
{"level":"error","message":"Error in getUserPreferences: [object Object]","service":"userData","timestamp":"2025-06-09 05:29:21"}
{"level":"info","message":"Fetching preferences for user default_user","service":"userData","timestamp":"2025-06-09 05:29:37"}
{"level":"error","message":"Error fetching user preferences: relation \"public.user_profiles\" does not exist","service":"userData","timestamp":"2025-06-09 05:29:38"}
{"level":"error","message":"Error in getUserPreferences: [object Object]","service":"userData","timestamp":"2025-06-09 05:29:38"}
{"level":"info","message":"Fetching preferences for user default_user","service":"userData","timestamp":"2025-06-09 05:29:40"}
{"level":"error","message":"Error fetching user preferences: relation \"public.user_profiles\" does not exist","service":"userData","timestamp":"2025-06-09 05:29:40"}
{"level":"error","message":"Error in getUserPreferences: [object Object]","service":"userData","timestamp":"2025-06-09 05:29:40"}
{"level":"info","message":"Fetching preferences for user default_user","service":"userData","timestamp":"2025-06-09 05:30:02"}
{"level":"error","message":"Error fetching user preferences: relation \"public.user_profiles\" does not exist","service":"userData","timestamp":"2025-06-09 05:30:02"}
{"level":"error","message":"Error in getUserPreferences: [object Object]","service":"userData","timestamp":"2025-06-09 05:30:02"}
{"level":"info","message":"Fetching preferences for user default_user","service":"userData","timestamp":"2025-06-09 05:30:27"}
{"level":"error","message":"Error fetching user preferences: relation \"public.user_profiles\" does not exist","service":"userData","timestamp":"2025-06-09 05:30:27"}
{"level":"error","message":"Error in getUserPreferences: [object Object]","service":"userData","timestamp":"2025-06-09 05:30:27"}
{"level":"info","message":"Fetching preferences for user default_user","service":"userData","timestamp":"2025-06-09 05:35:17"}
{"level":"error","message":"Error fetching user preferences: relation \"public.user_profiles\" does not exist","service":"userData","timestamp":"2025-06-09 05:35:17"}
{"level":"error","message":"Error in getUserPreferences: [object Object]","service":"userData","timestamp":"2025-06-09 05:35:17"}
{"level":"info","message":"Fetching preferences for user default_user","service":"userData","timestamp":"2025-06-09 05:35:40"}
{"level":"error","message":"Error fetching user preferences: relation \"public.user_profiles\" does not exist","service":"userData","timestamp":"2025-06-09 05:35:41"}
{"level":"error","message":"Error in getUserPreferences: [object Object]","service":"userData","timestamp":"2025-06-09 05:35:41"}
{"level":"info","message":"Fetching preferences for user default_user","service":"userData","timestamp":"2025-06-09 05:36:04"}
{"level":"error","message":"Error fetching user preferences: relation \"public.user_profiles\" does not exist","service":"userData","timestamp":"2025-06-09 05:36:04"}
{"level":"error","message":"Error in getUserPreferences: [object Object]","service":"userData","timestamp":"2025-06-09 05:36:04"}
{"level":"info","message":"Fetching preferences for user 052455e8-84fb-4860-8538-f491bc0bbcaa","service":"userData","timestamp":"2025-06-09 05:42:01"}
{"level":"info","message":"Using mock user preferences for development (user preference form not implemented yet)","service":"userData","timestamp":"2025-06-09 05:42:01"}
{"level":"info","message":"Fetching preferences for user 052455e8-84fb-4860-8538-f491bc0bbcaa","service":"userData","timestamp":"2025-06-09 05:42:23"}
{"level":"info","message":"Using mock user preferences for development (user preference form not implemented yet)","service":"userData","timestamp":"2025-06-09 05:42:23"}
{"level":"info","message":"Fetching preferences for user 052455e8-84fb-4860-8538-f491bc0bbcaa","service":"userData","timestamp":"2025-06-09 05:42:30"}
{"level":"info","message":"Using mock user preferences for development (user preference form not implemented yet)","service":"userData","timestamp":"2025-06-09 05:42:30"}
{"level":"info","message":"Fetching preferences for user 4799e31e-e406-4bda-8b8c-5d210f3a5499","service":"userData","timestamp":"2025-06-09 05:42:39"}
{"level":"info","message":"Using mock user preferences for development (user preference form not implemented yet)","service":"userData","timestamp":"2025-06-09 05:42:39"}
{"level":"info","message":"Fetching preferences for user 052455e8-84fb-4860-8538-f491bc0bbcaa","service":"userData","timestamp":"2025-06-09 05:42:49"}
{"level":"info","message":"Using mock user preferences for development (user preference form not implemented yet)","service":"userData","timestamp":"2025-06-09 05:42:49"}
{"level":"info","message":"Fetching preferences for user 4799e31e-e406-4bda-8b8c-5d210f3a5499","service":"userData","timestamp":"2025-06-09 05:43:11"}
{"level":"info","message":"Using mock user preferences for development (user preference form not implemented yet)","service":"userData","timestamp":"2025-06-09 05:43:11"}
{"level":"info","message":"Fetching preferences for user d0010451-fa71-4e05-a5c0-8d4a553dfc84","service":"userData","timestamp":"2025-06-09 05:43:39"}
{"level":"info","message":"Using mock user preferences for development (user preference form not implemented yet)","service":"userData","timestamp":"2025-06-09 05:43:39"}
{"level":"info","message":"Fetching preferences for user d0010451-fa71-4e05-a5c0-8d4a553dfc84","service":"userData","timestamp":"2025-06-09 05:44:12"}
{"level":"info","message":"Using mock user preferences for development (user preference form not implemented yet)","service":"userData","timestamp":"2025-06-09 05:44:12"}
{"level":"info","message":"Fetching preferences for user 13e6c4c1-ebfa-4348-b2f1-c9580354274e","service":"userData","timestamp":"2025-06-09 05:44:39"}
{"level":"info","message":"Using mock user preferences for development (user preference form not implemented yet)","service":"userData","timestamp":"2025-06-09 05:44:39"}
{"level":"info","message":"Fetching preferences for user 13e6c4c1-ebfa-4348-b2f1-c9580354274e","service":"userData","timestamp":"2025-06-09 05:45:10"}
{"level":"info","message":"Using mock user preferences for development (user preference form not implemented yet)","service":"userData","timestamp":"2025-06-09 05:45:10"}
{"level":"info","message":"Fetching preferences for user 869bd109-7b2b-4540-af03-2dbc45fb7670","service":"userData","timestamp":"2025-06-09 05:45:40"}
{"level":"info","message":"Using mock user preferences for development (user preference form not implemented yet)","service":"userData","timestamp":"2025-06-09 05:45:40"}
{"level":"info","message":"Fetching preferences for user 869bd109-7b2b-4540-af03-2dbc45fb7670","service":"userData","timestamp":"2025-06-09 05:46:12"}
{"level":"info","message":"Using mock user preferences for development (user preference form not implemented yet)","service":"userData","timestamp":"2025-06-09 05:46:12"}
{"level":"info","message":"Fetching preferences for user 88d87ce3-32a0-4447-ae5c-5be631ece869","service":"userData","timestamp":"2025-06-09 05:46:40"}
{"level":"info","message":"Using mock user preferences for development (user preference form not implemented yet)","service":"userData","timestamp":"2025-06-09 05:46:40"}
{"level":"info","message":"Fetching preferences for user 88d87ce3-32a0-4447-ae5c-5be631ece869","service":"userData","timestamp":"2025-06-09 05:47:06"}
{"level":"info","message":"Using mock user preferences for development (user preference form not implemented yet)","service":"userData","timestamp":"2025-06-09 05:47:06"}
{"level":"info","message":"Fetching preferences for user a4e416a9-fe3c-4831-96fd-9ee4e3a507b0","service":"userData","timestamp":"2025-06-09 05:47:30"}
{"level":"info","message":"Using mock user preferences for development (user preference form not implemented yet)","service":"userData","timestamp":"2025-06-09 05:47:30"}
{"level":"info","message":"Fetching preferences for user a4e416a9-fe3c-4831-96fd-9ee4e3a507b0","service":"userData","timestamp":"2025-06-09 05:47:58"}
{"level":"info","message":"Using mock user preferences for development (user preference form not implemented yet)","service":"userData","timestamp":"2025-06-09 05:47:58"}
{"level":"info","message":"Fetching preferences for user 54a6a11f-23da-449d-8729-054f90080cdb","service":"userData","timestamp":"2025-06-09 05:48:29"}
{"level":"info","message":"Using mock user preferences for development (user preference form not implemented yet)","service":"userData","timestamp":"2025-06-09 05:48:29"}
{"level":"info","message":"Fetching preferences for user 54a6a11f-23da-449d-8729-054f90080cdb","service":"userData","timestamp":"2025-06-09 05:48:57"}
{"level":"info","message":"Using mock user preferences for development (user preference form not implemented yet)","service":"userData","timestamp":"2025-06-09 05:48:57"}
{"level":"info","message":"Fetching preferences for user f92f2666-bf0a-42c2-8f32-52ed70456d3c","service":"userData","timestamp":"2025-06-09 05:49:27"}
{"level":"info","message":"Using mock user preferences for development (user preference form not implemented yet)","service":"userData","timestamp":"2025-06-09 05:49:27"}
{"level":"info","message":"Fetching preferences for user f92f2666-bf0a-42c2-8f32-52ed70456d3c","service":"userData","timestamp":"2025-06-09 05:50:00"}
{"level":"info","message":"Using mock user preferences for development (user preference form not implemented yet)","service":"userData","timestamp":"2025-06-09 05:50:00"}
{"level":"info","message":"Fetching preferences for user 8e9f4fc6-3fa2-4bd4-8860-e7dff51727d6","service":"userData","timestamp":"2025-06-09 13:11:50"}
{"level":"info","message":"Using mock user preferences for development (user preference form not implemented yet)","service":"userData","timestamp":"2025-06-09 13:11:50"}
{"level":"info","message":"Fetching preferences for user 8e9f4fc6-3fa2-4bd4-8860-e7dff51727d6","service":"userData","timestamp":"2025-06-09 13:12:17"}
{"level":"info","message":"Using mock user preferences for development (user preference form not implemented yet)","service":"userData","timestamp":"2025-06-09 13:12:17"}
{"level":"info","message":"Fetching preferences for user f08b56d3-d4ec-4815-b502-6647d723d2a6","service":"userData","timestamp":"2025-06-11 01:16:39"}
{"level":"info","message":"Using mock user preferences for development (user preference form not implemented yet)","service":"userData","timestamp":"2025-06-11 01:16:39"}
{"level":"info","message":"Fetching preferences for user d655f0a7-c5ae-406a-a503-bedc23cd47f2","service":"userData","timestamp":"2025-06-11 01:16:40"}
{"level":"info","message":"Using mock user preferences for development (user preference form not implemented yet)","service":"userData","timestamp":"2025-06-11 01:16:40"}
{"level":"info","message":"Fetching preferences for user d655f0a7-c5ae-406a-a503-bedc23cd47f2","service":"userData","timestamp":"2025-06-11 01:17:13"}
{"level":"info","message":"Using mock user preferences for development (user preference form not implemented yet)","service":"userData","timestamp":"2025-06-11 01:17:13"}
{"level":"info","message":"Fetching preferences for user f08b56d3-d4ec-4815-b502-6647d723d2a6","service":"userData","timestamp":"2025-06-11 01:17:23"}
{"level":"info","message":"Using mock user preferences for development (user preference form not implemented yet)","service":"userData","timestamp":"2025-06-11 01:17:23"}
{"level":"info","message":"Fetching preferences for user f08b56d3-d4ec-4815-b502-6647d723d2a6","service":"userData","timestamp":"2025-06-11 01:17:54"}
{"level":"info","message":"Using mock user preferences for development (user preference form not implemented yet)","service":"userData","timestamp":"2025-06-11 01:17:54"}
{"level":"info","message":"Fetching preferences for user f08b56d3-d4ec-4815-b502-6647d723d2a6","service":"userData","timestamp":"2025-06-11 01:18:21"}
{"level":"info","message":"Using mock user preferences for development (user preference form not implemented yet)","service":"userData","timestamp":"2025-06-11 01:18:21"}
{"level":"info","message":"Fetching preferences for user f08b56d3-d4ec-4815-b502-6647d723d2a6","service":"userData","timestamp":"2025-06-11 01:18:38"}
{"level":"info","message":"Using mock user preferences for development (user preference form not implemented yet)","service":"userData","timestamp":"2025-06-11 01:18:38"}
{"level":"info","message":"Fetching preferences for user f08b56d3-d4ec-4815-b502-6647d723d2a6","service":"userData","timestamp":"2025-06-11 01:19:08"}
{"level":"info","message":"Using mock user preferences for development (user preference form not implemented yet)","service":"userData","timestamp":"2025-06-11 01:19:08"}
{"level":"info","message":"Fetching preferences for user f08b56d3-d4ec-4815-b502-6647d723d2a6","service":"userData","timestamp":"2025-06-12 21:56:18"}
{"level":"info","message":"Using mock user preferences for development (user preference form not implemented yet)","service":"userData","timestamp":"2025-06-12 21:56:18"}
{"level":"info","message":"Fetching preferences for user f08b56d3-d4ec-4815-b502-6647d723d2a6","service":"userData","timestamp":"2025-06-12 22:06:37"}
{"level":"info","message":"Using mock user preferences for development (user preference form not implemented yet)","service":"userData","timestamp":"2025-06-12 22:06:37"}
{"level":"info","message":"Fetching preferences for user f08b56d3-d4ec-4815-b502-6647d723d2a6","service":"userData","timestamp":"2025-06-20 22:06:13"}
{"level":"info","message":"Using mock user preferences for development (user preference form not implemented yet)","service":"userData","timestamp":"2025-06-20 22:06:13"}
{"level":"info","message":"Fetching preferences for user f08b56d3-d4ec-4815-b502-6647d723d2a6","service":"userData","timestamp":"2025-06-22 19:54:49"}
{"level":"info","message":"Using mock user preferences for development (user preference form not implemented yet)","service":"userData","timestamp":"2025-06-22 19:54:49"}
{"level":"info","message":"Fetching preferences for user f08b56d3-d4ec-4815-b502-6647d723d2a6","service":"userData","timestamp":"2025-06-24 11:55:51"}
{"level":"info","message":"Using mock user preferences for development (user preference form not implemented yet)","service":"userData","timestamp":"2025-06-24 11:55:51"}
{"level":"info","message":"Fetching preferences for user f08b56d3-d4ec-4815-b502-6647d723d2a6","service":"userData","timestamp":"2025-06-24 19:39:52"}
{"level":"info","message":"Using mock user preferences for development (user preference form not implemented yet)","service":"userData","timestamp":"2025-06-24 19:39:52"}
{"level":"info","message":"Fetching preferences for user f08b56d3-d4ec-4815-b502-6647d723d2a6","service":"userData","timestamp":"2025-07-03 14:34:02"}
{"level":"info","message":"Using mock user preferences for development (user preference form not implemented yet)","service":"userData","timestamp":"2025-07-03 14:34:02"}
{"level":"info","message":"Fetching preferences for user f08b56d3-d4ec-4815-b502-6647d723d2a6","service":"userData","timestamp":"2025-07-04 00:18:54"}
{"level":"info","message":"Using mock user preferences for development (user preference form not implemented yet)","service":"userData","timestamp":"2025-07-04 00:18:54"}
