{"level":"info","message":"Performing web search for: \"NBA game nba_001 injuries news\"","service":"webSearch","timestamp":"2025-06-06 01:49:49"}
{"level":"warn","message":"No search API keys found. Using fallback search method.","service":"webSearch","timestamp":"2025-06-06 01:49:49"}
{"level":"warn","message":"Using mock search results. This should not be used in production.","service":"webSearch","timestamp":"2025-06-06 01:49:49"}
{"level":"info","message":"Performing web search for: \"NFL game nfl_001 injuries news\"","service":"webSearch","timestamp":"2025-06-06 01:50:10"}
{"level":"warn","message":"No search API keys found. Using fallback search method.","service":"webSearch","timestamp":"2025-06-06 01:50:10"}
{"level":"warn","message":"Using mock search results. This should not be used in production.","service":"webSearch","timestamp":"2025-06-06 01:50:10"}
{"level":"info","message":"Performing web search for: \"MLB mlb_001 injuries news\"","service":"webSearch","timestamp":"2025-06-06 01:50:35"}
{"level":"warn","message":"No search API keys found. Using fallback search method.","service":"webSearch","timestamp":"2025-06-06 01:50:35"}
{"level":"warn","message":"Using mock search results. This should not be used in production.","service":"webSearch","timestamp":"2025-06-06 01:50:35"}
{"level":"info","message":"Performing web search for: \"NBA game nba_001 injuries news\"","service":"webSearch","timestamp":"2025-06-06 02:26:00"}
{"level":"warn","message":"No search API keys found. Using fallback search method.","service":"webSearch","timestamp":"2025-06-06 02:26:00"}
{"level":"warn","message":"Using mock search results. This should not be used in production.","service":"webSearch","timestamp":"2025-06-06 02:26:00"}
{"level":"info","message":"Performing web search for: \"NFL nfl_001 injuries news\"","service":"webSearch","timestamp":"2025-06-06 02:26:22"}
{"level":"warn","message":"No search API keys found. Using fallback search method.","service":"webSearch","timestamp":"2025-06-06 02:26:22"}
{"level":"warn","message":"Using mock search results. This should not be used in production.","service":"webSearch","timestamp":"2025-06-06 02:26:22"}
{"level":"info","message":"Performing web search for: \"MLB mlb_001 injuries news\"","service":"webSearch","timestamp":"2025-06-06 02:26:42"}
{"level":"warn","message":"No search API keys found. Using fallback search method.","service":"webSearch","timestamp":"2025-06-06 02:26:42"}
{"level":"warn","message":"Using mock search results. This should not be used in production.","service":"webSearch","timestamp":"2025-06-06 02:26:42"}
{"level":"info","message":"Performing web search for: \"NBA game nba_001 injuries news\"","service":"webSearch","timestamp":"2025-06-08 02:29:18"}
{"level":"warn","message":"No search API keys found. Using fallback search method.","service":"webSearch","timestamp":"2025-06-08 02:29:18"}
{"level":"warn","message":"Using mock search results. This should not be used in production.","service":"webSearch","timestamp":"2025-06-08 02:29:18"}
{"level":"info","message":"Performing web search for: \"MLB mlb_001 injuries news\"","service":"webSearch","timestamp":"2025-06-08 02:30:01"}
{"level":"warn","message":"No search API keys found. Using fallback search method.","service":"webSearch","timestamp":"2025-06-08 02:30:01"}
{"level":"warn","message":"Using mock search results. This should not be used in production.","service":"webSearch","timestamp":"2025-06-08 02:30:01"}
{"level":"info","message":"Performing web search for: \"NBA game nba_001 injuries news\"","service":"webSearch","timestamp":"2025-06-08 02:47:31"}
{"level":"warn","message":"No search API keys found. Using fallback search method.","service":"webSearch","timestamp":"2025-06-08 02:47:31"}
{"level":"warn","message":"Using mock search results. This should not be used in production.","service":"webSearch","timestamp":"2025-06-08 02:47:31"}
{"level":"info","message":"Performing web search for: \"NFL game nfl_001 injuries news\"","service":"webSearch","timestamp":"2025-06-08 02:47:52"}
{"level":"warn","message":"No search API keys found. Using fallback search method.","service":"webSearch","timestamp":"2025-06-08 02:47:52"}
{"level":"warn","message":"Using mock search results. This should not be used in production.","service":"webSearch","timestamp":"2025-06-08 02:47:52"}
{"level":"info","message":"Performing web search for: \"MLB mlb_001 injuries news\"","service":"webSearch","timestamp":"2025-06-08 02:48:28"}
{"level":"warn","message":"No search API keys found. Using fallback search method.","service":"webSearch","timestamp":"2025-06-08 02:48:28"}
{"level":"warn","message":"Using mock search results. This should not be used in production.","service":"webSearch","timestamp":"2025-06-08 02:48:28"}
{"level":"info","message":"Performing web search for: \"NBA Game nba_001 injuries news\"","service":"webSearch","timestamp":"2025-06-08 03:40:55"}
{"level":"info","message":"Performing web search for: \"MLB mlb_real_1 injury news\"","service":"webSearch","timestamp":"2025-06-08 09:44:53"}
{"level":"info","message":"Performing web search for: \"MLB injury report today\"","service":"webSearch","timestamp":"2025-06-08 09:45:22"}
{"level":"info","message":"Performing web search for: \"MLB mlb_real_1 injury news\"","service":"webSearch","timestamp":"2025-06-08 10:30:12"}
{"level":"info","message":"Performing web search for: \"MLB mlb_real_2 injury news\"","service":"webSearch","timestamp":"2025-06-08 10:30:40"}
{"level":"info","message":"Performing web search for: \"MLB injury report today\"","service":"webSearch","timestamp":"2025-06-08 10:51:01"}
{"level":"info","message":"Performing web search for: \"MLB mlb_real_1 injury news\"","service":"webSearch","timestamp":"2025-06-08 10:51:09"}
{"level":"info","message":"Performing web search for: \"MLB game mlb_real_2 recent news injuries weather\"","service":"webSearch","timestamp":"2025-06-08 10:51:41"}
{"level":"info","message":"Performing web search for: \"MLB mlb_real_1 injury news\"","service":"webSearch","timestamp":"2025-06-08 12:13:26"}
{"level":"warn","message":"No search API keys found. Using fallback search method.","service":"webSearch","timestamp":"2025-06-08 12:13:26"}
{"level":"info","message":"Using optimized mock search results for development","service":"webSearch","timestamp":"2025-06-08 12:13:26"}
{"level":"info","message":"Performing web search for: \"MLB mlb_real_2 injury news\"","service":"webSearch","timestamp":"2025-06-08 12:13:51"}
{"level":"warn","message":"No search API keys found. Using fallback search method.","service":"webSearch","timestamp":"2025-06-08 12:13:51"}
{"level":"info","message":"Using optimized mock search results for development","service":"webSearch","timestamp":"2025-06-08 12:13:51"}
{"level":"info","message":"Performing web search for: \"MLB injury report today\"","service":"webSearch","timestamp":"2025-06-08 12:14:29"}
{"level":"warn","message":"No search API keys found. Using fallback search method.","service":"webSearch","timestamp":"2025-06-08 12:14:29"}
{"level":"info","message":"Using optimized mock search results for development","service":"webSearch","timestamp":"2025-06-08 12:14:29"}
{"level":"info","message":"Performing web search for: \"MLB injury report today\"","service":"webSearch","timestamp":"2025-06-08 12:14:36"}
{"level":"warn","message":"No search API keys found. Using fallback search method.","service":"webSearch","timestamp":"2025-06-08 12:14:36"}
{"level":"info","message":"Using optimized mock search results for development","service":"webSearch","timestamp":"2025-06-08 12:14:36"}
{"level":"info","message":"Performing web search for: \"MLB mlb_real_1 injury news\"","service":"webSearch","timestamp":"2025-06-08 12:21:01"}
{"level":"warn","message":"No search API keys found. Using fallback search method.","service":"webSearch","timestamp":"2025-06-08 12:21:01"}
{"level":"info","message":"Using optimized mock search results for development","service":"webSearch","timestamp":"2025-06-08 12:21:01"}
{"level":"info","message":"Performing web search for: \"MLB mlb_real_2 recent news injuries weather\"","service":"webSearch","timestamp":"2025-06-08 12:21:24"}
{"level":"warn","message":"No search API keys found. Using fallback search method.","service":"webSearch","timestamp":"2025-06-08 12:21:24"}
{"level":"info","message":"Using optimized mock search results for development","service":"webSearch","timestamp":"2025-06-08 12:21:24"}
{"level":"info","message":"Performing web search for: \"MLB mlb_real_1 injury news\"","service":"webSearch","timestamp":"2025-06-08 13:36:55"}
{"level":"info","message":"Performing web search for: \"MLB mlb_real_2 injury news\"","service":"webSearch","timestamp":"2025-06-08 13:37:17"}
{"level":"info","message":"Performing web search for: \"MLB mlb_real_1 injury news\"","service":"webSearch","timestamp":"2025-06-08 13:41:53"}
{"level":"info","message":"Performing web search for: \"MLB game mlb_real_2 recent news injuries weather\"","service":"webSearch","timestamp":"2025-06-08 13:42:14"}
{"level":"info","message":"Performing web search for: \"Padres Brewers injury report today\"","service":"webSearch","timestamp":"2025-06-08 14:52:14"}
{"level":"info","message":"Performing web search for: \"Dodgers vs Cardinals injury news\"","service":"webSearch","timestamp":"2025-06-08 14:52:41"}
{"level":"info","message":"Performing web search for: \"Padres vs Brewers injury report today\"","service":"webSearch","timestamp":"2025-06-08 19:02:20"}
{"level":"info","message":"Performing web search for: \"Dodgers vs Cardinals injury news\"","service":"webSearch","timestamp":"2025-06-08 19:02:43"}
{"level":"info","message":"Performing web search for: \"MLB injury report today\"","service":"webSearch","timestamp":"2025-06-08 20:04:32"}
{"level":"info","message":"Performing web search for: \"Dodgers vs Cardinals injury news\"","service":"webSearch","timestamp":"2025-06-08 20:16:02"}
{"level":"info","message":"Performing web search for: \"MLB injury report today\"","service":"webSearch","timestamp":"2025-06-08 21:21:41"}
{"level":"info","message":"Performing web search for: \"Away Team vs Home Team MLB injury report today\"","service":"webSearch","timestamp":"2025-06-08 21:31:21"}
{"level":"info","message":"Performing web search for: \"MLB injury report today\"","service":"webSearch","timestamp":"2025-06-09 02:23:44"}
{"level":"info","message":"Performing web search for: \"Blue Jays vs Cardinals injury news\"","service":"webSearch","timestamp":"2025-06-09 02:23:50"}
{"level":"info","message":"Performing web search for: \"Marlins vs Pirates injury news June 2023\"","service":"webSearch","timestamp":"2025-06-09 02:24:26"}
{"level":"info","message":"Performing web search for: \"Blue Jays vs Cardinals injury news\"","service":"webSearch","timestamp":"2025-06-09 02:46:39"}
{"level":"info","message":"Performing web search for: \"Marlins vs Pirates injury news June 2023\"","service":"webSearch","timestamp":"2025-06-09 02:47:04"}
{"level":"info","message":"Performing web search for: \"Blue Jays vs Cardinals recent news injuries\"","service":"webSearch","timestamp":"2025-06-09 02:47:35"}
{"level":"info","message":"Performing web search for: \"Marlins vs Pirates injury news\"","service":"webSearch","timestamp":"2025-06-09 02:48:02"}
{"level":"info","message":"Performing web search for: \"MLB injury report today\"","service":"webSearch","timestamp":"2025-06-09 02:48:14"}
{"level":"info","message":"Performing web search for: \"Blue Jays vs Cardinals injury news\"","service":"webSearch","timestamp":"2025-06-09 02:48:59"}
{"level":"info","message":"Performing web search for: \"Marlins vs Pirates injury news June 2023\"","service":"webSearch","timestamp":"2025-06-09 02:49:28"}
{"level":"info","message":"Performing web search for: \"Blue Jays vs Cardinals injury news\"","service":"webSearch","timestamp":"2025-06-09 03:18:47"}
{"level":"info","message":"Performing web search for: \"Marlins vs Pirates injury news\"","service":"webSearch","timestamp":"2025-06-09 03:19:16"}
{"level":"info","message":"Performing web search for: \"Blue Jays vs Cardinals recent news injuries\"","service":"webSearch","timestamp":"2025-06-09 03:39:10"}
{"level":"info","message":"Performing web search for: \"Marlins vs Pirates injury news June 2023\"","service":"webSearch","timestamp":"2025-06-09 03:39:37"}
{"level":"info","message":"Performing web search for: \"Blue Jays vs Cardinals injury news\"","service":"webSearch","timestamp":"2025-06-09 03:42:13"}
{"level":"info","message":"Performing web search for: \"Marlins vs Pirates injury news\"","service":"webSearch","timestamp":"2025-06-09 03:42:41"}
{"level":"info","message":"Performing web search for: \"MLB injury report today\"","service":"webSearch","timestamp":"2025-06-09 03:46:49"}
{"level":"info","message":"Performing web search for: \"Blue Jays vs Cardinals injury report today\"","service":"webSearch","timestamp":"2025-06-09 03:46:53"}
{"level":"info","message":"Performing web search for: \"Marlins vs Pirates injury news June 2023\"","service":"webSearch","timestamp":"2025-06-09 03:47:18"}
{"level":"info","message":"Performing web search for: \"Braves vs Brewers injury report today\"","service":"webSearch","timestamp":"2025-06-09 03:47:48"}
{"level":"info","message":"Performing web search for: \"Rays vs Red Sox injury news\"","service":"webSearch","timestamp":"2025-06-09 03:48:15"}
{"level":"info","message":"Performing web search for: \"Reds vs Guardians injury news June 2023\"","service":"webSearch","timestamp":"2025-06-09 03:48:35"}
{"level":"info","message":"Performing web search for: \"Blue Jays vs Cardinals injury news\"","service":"webSearch","timestamp":"2025-06-09 03:55:42"}
{"level":"info","message":"Performing web search for: \"Marlins vs Pirates injury news June 2023\"","service":"webSearch","timestamp":"2025-06-09 03:56:10"}
{"level":"info","message":"Performing web search for: \"Braves vs Brewers injury report today\"","service":"webSearch","timestamp":"2025-06-09 03:56:40"}
{"level":"info","message":"Performing web search for: \"Rays vs Red Sox injury report today\"","service":"webSearch","timestamp":"2025-06-09 03:57:05"}
{"level":"info","message":"Performing web search for: \"Reds vs Guardians injury report today\"","service":"webSearch","timestamp":"2025-06-09 03:57:25"}
{"level":"info","message":"Performing web search for: \"Blue Jays vs Cardinals injury news\"","service":"webSearch","timestamp":"2025-06-09 04:14:32"}
{"level":"info","message":"Performing web search for: \"MLB injury report today\"","service":"webSearch","timestamp":"2025-06-09 04:27:54"}
{"level":"info","message":"Performing web search for: \"Blue Jays vs Cardinals injury news\"","service":"webSearch","timestamp":"2025-06-09 04:28:22"}
{"level":"info","message":"Performing web search for: \"Marlins vs Pirates injury news\"","service":"webSearch","timestamp":"2025-06-09 04:28:49"}
{"level":"info","message":"Performing web search for: \"Braves vs Brewers injury report today\"","service":"webSearch","timestamp":"2025-06-09 04:29:18"}
{"level":"info","message":"Performing web search for: \"Rays vs Red Sox injury report today\"","service":"webSearch","timestamp":"2025-06-09 04:29:46"}
{"level":"info","message":"Performing web search for: \"Reds vs Guardians injury report today\"","service":"webSearch","timestamp":"2025-06-09 04:30:16"}
{"level":"info","message":"Performing web search for: \"MLB injury report today\"","service":"webSearch","timestamp":"2025-06-09 04:35:35"}
{"level":"info","message":"Performing web search for: \"Blue Jays vs Cardinals injury news\"","service":"webSearch","timestamp":"2025-06-09 04:38:24"}
{"level":"info","message":"Performing web search for: \"Marlins vs Pirates injury news June 2023\"","service":"webSearch","timestamp":"2025-06-09 04:38:55"}
{"level":"info","message":"Performing web search for: \"Braves vs Brewers injury report today\"","service":"webSearch","timestamp":"2025-06-09 04:39:27"}
{"level":"info","message":"Performing web search for: \"Rays vs Red Sox recent news injuries\"","service":"webSearch","timestamp":"2025-06-09 04:39:54"}
{"level":"info","message":"Performing web search for: \"Blue Jays vs Cardinals recent news injuries\"","service":"webSearch","timestamp":"2025-06-09 04:40:09"}
{"level":"info","message":"Performing web search for: \"Reds vs Guardians injury news\"","service":"webSearch","timestamp":"2025-06-09 04:40:15"}
{"level":"info","message":"Performing web search for: \"Marlins vs Pirates injury news June 2023\"","service":"webSearch","timestamp":"2025-06-09 04:40:44"}
{"level":"info","message":"Performing web search for: \"Braves vs Brewers injury report today\"","service":"webSearch","timestamp":"2025-06-09 04:41:22"}
{"level":"info","message":"Performing web search for: \"Rays vs Red Sox injury news\"","service":"webSearch","timestamp":"2025-06-09 04:41:51"}
{"level":"info","message":"Performing web search for: \"Reds vs Guardians injury report today\"","service":"webSearch","timestamp":"2025-06-09 04:42:13"}
{"level":"info","message":"Performing web search for: \"MLB injury report today\"","service":"webSearch","timestamp":"2025-06-09 04:43:37"}
{"level":"info","message":"Performing web search for: \"MLB injury report today\"","service":"webSearch","timestamp":"2025-06-09 04:43:38"}
{"level":"info","message":"Performing web search for: \"MLB injury report today\"","service":"webSearch","timestamp":"2025-06-09 04:48:07"}
{"level":"info","message":"Performing web search for: \"Blue Jays vs Cardinals injury news June 2023\"","service":"webSearch","timestamp":"2025-06-09 04:58:29"}
{"level":"info","message":"Performing web search for: \"Marlins vs Pirates injury report today\"","service":"webSearch","timestamp":"2025-06-09 04:58:59"}
{"level":"info","message":"Performing web search for: \"Blue Jays vs Cardinals recent news injuries\"","service":"webSearch","timestamp":"2025-06-09 05:07:19"}
{"level":"info","message":"Performing web search for: \"Marlins vs Pirates injury news\"","service":"webSearch","timestamp":"2025-06-09 05:07:38"}
{"level":"info","message":"Performing web search for: \"Braves vs Brewers injury report today\"","service":"webSearch","timestamp":"2025-06-09 05:08:04"}
{"level":"info","message":"Performing web search for: \"NBA game nba_001 injuries news\"","service":"webSearch","timestamp":"2025-06-09 05:28:57"}
{"level":"info","message":"Performing web search for: \"NBA game nba_001 injuries news\"","service":"webSearch","timestamp":"2025-06-09 05:29:38"}
{"level":"info","message":"Performing web search for: \"MLB mlb_001 injuries news\"","service":"webSearch","timestamp":"2025-06-09 05:29:40"}
{"level":"info","message":"Performing web search for: \"NFL game nfl_001 injuries news\"","service":"webSearch","timestamp":"2025-06-09 05:30:02"}
{"level":"info","message":"Performing web search for: \"MLB mlb_001 injuries news\"","service":"webSearch","timestamp":"2025-06-09 05:30:27"}
{"level":"info","message":"Performing web search for: \"NBA game nba_001 injuries news\"","service":"webSearch","timestamp":"2025-06-09 05:35:18"}
{"level":"info","message":"Performing web search for: \"NFL game nfl_001 injuries news\"","service":"webSearch","timestamp":"2025-06-09 05:35:41"}
{"level":"info","message":"Performing web search for: \"MLB mlb_001 injuries news\"","service":"webSearch","timestamp":"2025-06-09 05:36:04"}
{"level":"info","message":"Performing web search for: \"Blue Jays vs Cardinals injury news June 2023\"","service":"webSearch","timestamp":"2025-06-09 05:42:01"}
{"level":"info","message":"Performing web search for: \"Blue Jays vs Cardinals injury news June 2023\"","service":"webSearch","timestamp":"2025-06-09 05:42:23"}
{"level":"info","message":"Performing web search for: \"Marlins vs Pirates injury report today\"","service":"webSearch","timestamp":"2025-06-09 05:42:30"}
{"level":"info","message":"Performing web search for: \"Blue Jays vs Cardinals injury report\"","service":"webSearch","timestamp":"2025-06-09 05:42:39"}
{"level":"info","message":"Performing web search for: \"Marlins vs Pirates injury report today\"","service":"webSearch","timestamp":"2025-06-09 05:42:49"}
{"level":"info","message":"Performing web search for: \"Marlins vs Pirates injury report today\"","service":"webSearch","timestamp":"2025-06-09 05:43:11"}
{"level":"info","message":"Performing web search for: \"Blue Jays vs Cardinals injury report today\"","service":"webSearch","timestamp":"2025-06-09 05:43:39"}
{"level":"info","message":"Performing web search for: \"Marlins vs Pirates injury report today\"","service":"webSearch","timestamp":"2025-06-09 05:44:12"}
{"level":"info","message":"Performing web search for: \"Blue Jays vs Cardinals injury news\"","service":"webSearch","timestamp":"2025-06-09 05:44:39"}
{"level":"info","message":"Performing web search for: \"Marlins vs Pirates injury news June 2023\"","service":"webSearch","timestamp":"2025-06-09 05:45:10"}
{"level":"info","message":"Performing web search for: \"Blue Jays vs Cardinals injury news\"","service":"webSearch","timestamp":"2025-06-09 05:45:40"}
{"level":"info","message":"Performing web search for: \"Marlins vs Pirates injury report today\"","service":"webSearch","timestamp":"2025-06-09 05:46:12"}
{"level":"info","message":"Performing web search for: \"Blue Jays vs Cardinals injury news\"","service":"webSearch","timestamp":"2025-06-09 05:46:40"}
{"level":"info","message":"Performing web search for: \"Marlins vs Pirates injury news June 2023\"","service":"webSearch","timestamp":"2025-06-09 05:47:06"}
{"level":"info","message":"Performing web search for: \"Blue Jays vs Cardinals injury report today\"","service":"webSearch","timestamp":"2025-06-09 05:47:30"}
{"level":"info","message":"Performing web search for: \"Marlins vs Pirates injury report today\"","service":"webSearch","timestamp":"2025-06-09 05:47:58"}
{"level":"info","message":"Performing web search for: \"Blue Jays vs Cardinals injury news\"","service":"webSearch","timestamp":"2025-06-09 05:48:29"}
{"level":"info","message":"Performing web search for: \"Marlins vs Pirates injury news June 2023\"","service":"webSearch","timestamp":"2025-06-09 05:48:57"}
{"level":"info","message":"Performing web search for: \"Blue Jays vs Cardinals injury news\"","service":"webSearch","timestamp":"2025-06-09 05:49:27"}
{"level":"info","message":"Performing web search for: \"Marlins vs Pirates injury news June 2023\"","service":"webSearch","timestamp":"2025-06-09 05:50:00"}
{"level":"info","message":"Performing web search for: \"Blue Jays vs Cardinals injury news June 2023\"","service":"webSearch","timestamp":"2025-06-09 13:11:50"}
{"level":"info","message":"Performing web search for: \"Marlins vs Pirates injury news June 2023\"","service":"webSearch","timestamp":"2025-06-09 13:12:17"}
{"level":"info","message":"Performing web search for: \"MLB injury report today\"","service":"webSearch","timestamp":"2025-06-11 01:16:39"}
{"level":"info","message":"Performing web search for: \"Athletics vs Angels injury report today\"","service":"webSearch","timestamp":"2025-06-11 01:16:40"}
{"level":"info","message":"Performing web search for: \"White Sox vs Astros injury report today\"","service":"webSearch","timestamp":"2025-06-11 01:17:13"}
{"level":"info","message":"Performing web search for: \"Athletics vs Angels injury news\"","service":"webSearch","timestamp":"2025-06-11 01:17:23"}
{"level":"info","message":"Performing web search for: \"White Sox vs Astros injury report today\"","service":"webSearch","timestamp":"2025-06-11 01:17:54"}
{"level":"info","message":"Performing web search for: \"Tigers vs Orioles injury report today\"","service":"webSearch","timestamp":"2025-06-11 01:18:21"}
{"level":"info","message":"Performing web search for: \"Blue Jays vs Cardinals injury news\"","service":"webSearch","timestamp":"2025-06-11 01:18:38"}
{"level":"info","message":"Performing web search for: \"Giants vs Rockies injury news\"","service":"webSearch","timestamp":"2025-06-11 01:19:08"}
{"level":"info","message":"Performing web search for: \"MLB injury report today\"","service":"webSearch","timestamp":"2025-06-12 21:56:18"}
{"level":"info","message":"Performing web search for: \"MLB injury report today\"","service":"webSearch","timestamp":"2025-06-12 22:06:37"}
{"level":"info","message":"Performing web search for: \"MLB injury report today\"","service":"webSearch","timestamp":"2025-06-20 22:06:13"}
{"level":"info","message":"Performing web search for: \"MLB injury report today\"","service":"webSearch","timestamp":"2025-06-22 19:54:49"}
{"level":"info","message":"Performing web search for: \"MLB injury report today\"","service":"webSearch","timestamp":"2025-06-24 11:55:51"}
{"level":"info","message":"Performing web search for: \"MLB injury report today\"","service":"webSearch","timestamp":"2025-06-24 19:39:52"}
{"level":"info","message":"Performing web search for: \"latest sports news today\"","service":"webSearch","timestamp":"2025-06-24 21:53:47"}
{"level":"info","message":"Performing web search for: \"latest sports news updates\"","service":"webSearch","timestamp":"2025-06-24 21:56:05"}
{"level":"info","message":"Performing web search for: \"latest breaking sports news affecting betting lines\"","service":"webSearch","timestamp":"2025-06-24 22:05:44"}
{"level":"info","message":"Performing web search for: \"latest breaking sports news affecting betting lines\"","service":"webSearch","timestamp":"2025-06-24 22:11:53"}
{"level":"info","message":"Performing web search for: \"latest breaking sports news affecting betting lines\"","service":"webSearch","timestamp":"2025-06-24 22:13:33"}
{"level":"info","message":"Performing web search for: \"latest sports news updates\"","service":"webSearch","timestamp":"2025-06-24 22:16:00"}
{"level":"info","message":"Performing web search for: \"latest breaking sports news affecting betting lines\"","service":"webSearch","timestamp":"2025-06-24 22:46:44"}
{"level":"info","message":"Performing web search for: \"latest sports news\"","service":"webSearch","timestamp":"2025-06-24 22:50:16"}
{"level":"info","message":"Performing web search for: \"latest MLB news\"","service":"webSearch","timestamp":"2025-06-24 22:53:56"}
{"level":"info","message":"Performing web search for: \"latest MLB news\"","service":"webSearch","timestamp":"2025-06-24 22:55:15"}
{"level":"info","message":"Performing web search for: \"latest sports news\"","service":"webSearch","timestamp":"2025-06-24 23:14:04"}
{"level":"info","message":"Performing web search for: \"latest MLB news today\"","service":"webSearch","timestamp":"2025-06-24 23:20:20"}
{"level":"info","message":"Performing web search for: \"latest sports news today\"","service":"webSearch","timestamp":"2025-06-24 23:43:31"}
{"level":"info","message":"Performing web search for: \"latest sports news today MLB NBA NFL NHL\"","service":"webSearch","timestamp":"2025-06-25 00:56:56"}
{"level":"info","message":"Performing web search for: \"MLB injury report today\"","service":"webSearch","timestamp":"2025-07-03 14:34:02"}
{"level":"info","message":"Performing web search for: \"latest sports news today\"","service":"webSearch","timestamp":"2025-07-03 14:37:37"}
{"level":"info","message":"Performing web search for: \"MLB injury report today\"","service":"webSearch","timestamp":"2025-07-04 00:18:54"}
{"level":"info","message":"Performing web search for: \"MLB weather updates today Tampa Bay Rays vs Minnesota Twins, Cincinnati Reds vs Philadelphia Phillies, Boston Red Sox vs Washington Nationals, New York Yankees vs New York Mets\"","service":"webSearch","timestamp":"2025-07-05 07:55:23"}
{"level":"info","message":"Performing web search for: \"MLB injury reports today Tampa Bay Rays, Minnesota Twins, Cincinnati Reds, Philadelphia Phillies, Los Angeles Angels, Toronto Blue Jays, Boston Red Sox, Washington Nationals, New York Yankees, New York Mets\"","service":"webSearch","timestamp":"2025-07-05 07:55:25"}
{"level":"info","message":"Performing web search for: \"MLB starting pitcher recent form Tampa Bay Rays vs Minnesota Twins, Cincinnati Reds vs Philadelphia Phillies, Los Angeles Angels vs Toronto Blue Jays, Boston Red Sox vs Washington Nationals, New York Yankees vs New York Mets last 3 starts\"","service":"webSearch","timestamp":"2025-07-05 07:55:28"}
{"level":"info","message":"Performing web search for: \"MLB bullpen usage recent games Tampa Bay Rays, Minnesota Twins, New York Yankees, New York Mets\"","service":"webSearch","timestamp":"2025-07-05 07:55:29"}
{"level":"info","message":"Performing web search for: \"MLB weather updates today Tampa Bay Rays vs Minnesota Twins, St. Louis Cardinals vs Chicago Cubs, Cincinnati Reds vs Philadelphia Phillies, Boston Red Sox vs Washington Nationals, New York Yankees vs New York Mets\"","service":"webSearch","timestamp":"2025-07-05 07:58:04"}
{"level":"info","message":"Performing web search for: \"MLB injury reports today Tampa Bay Rays, Minnesota Twins, St. Louis Cardinals, Chicago Cubs, Cincinnati Reds, Philadelphia Phillies, Boston Red Sox, Washington Nationals, New York Yankees, New York Mets\"","service":"webSearch","timestamp":"2025-07-05 07:58:05"}
{"level":"info","message":"Performing web search for: \"MLB starting pitchers recent form Tampa Bay Rays, Minnesota Twins, St. Louis Cardinals, Chicago Cubs, Cincinnati Reds, Philadelphia Phillies, Boston Red Sox, Washington Nationals, New York Yankees, New York Mets last 3 starts\"","service":"webSearch","timestamp":"2025-07-05 07:58:07"}
{"level":"info","message":"Performing web search for: \"Tampa Bay Rays vs Minnesota Twins weather Minneapolis, injury updates, bullpen usage, starting pitcher form 2023\"","service":"webSearch","timestamp":"2025-07-05 08:09:02"}
{"level":"info","message":"Performing web search for: \"Cincinnati Reds vs Philadelphia Phillies injuries, Aaron Nola status, bullpen usage, starting pitcher recent performance 2023\"","service":"webSearch","timestamp":"2025-07-05 08:09:07"}
{"level":"info","message":"Performing web search for: \"Los Angeles Angels vs Toronto Blue Jays weather Toronto, injury news, bullpen status, starting pitcher form 2023\"","service":"webSearch","timestamp":"2025-07-05 08:09:11"}
{"level":"info","message":"Performing web search for: \"New York Yankees vs New York Mets injury reports, bullpen usage, starting pitcher recent stats 2023\"","service":"webSearch","timestamp":"2025-07-05 08:09:13"}
{"level":"info","message":"Performing web search for: \"Tampa Bay Rays vs Minnesota Twins weather Minnesota, injury updates, bullpen usage, starting pitcher form August 2023\"","service":"webSearch","timestamp":"2025-07-05 08:11:14"}
{"level":"info","message":"Performing web search for: \"Cincinnati Reds vs Philadelphia Phillies weather Philadelphia, Aaron Nola injury status, lineup news, starting pitcher form August 2023\"","service":"webSearch","timestamp":"2025-07-05 08:11:18"}
{"level":"info","message":"Performing web search for: \"Los Angeles Angels vs Toronto Blue Jays weather Toronto, injury updates, bullpen fatigue, starting pitcher form August 2023\"","service":"webSearch","timestamp":"2025-07-05 08:11:22"}
{"level":"info","message":"Performing web search for: \"Boston Red Sox vs Washington Nationals weather Washington DC, injury reports, lineup changes, starting pitcher form August 2023\"","service":"webSearch","timestamp":"2025-07-05 08:11:25"}
{"level":"info","message":"Performing web search for: \"Tampa Bay Rays vs Minnesota Twins weather forecast, injury updates, starting pitcher form, bullpen usage today\"","service":"webSearch","timestamp":"2025-07-05 08:26:56"}
{"level":"info","message":"Performing web search for: \"Cincinnati Reds vs Philadelphia Phillies weather forecast, injury updates, starting pitcher form, bullpen usage today\"","service":"webSearch","timestamp":"2025-07-05 08:26:59"}
{"level":"info","message":"Performing web search for: \"Los Angeles Angels vs Toronto Blue Jays injury updates, starting pitcher form, bullpen usage today\"","service":"webSearch","timestamp":"2025-07-05 08:27:00"}
{"level":"info","message":"Performing web search for: \"Boston Red Sox vs Washington Nationals weather forecast, injury updates, starting pitcher form, bullpen usage today\"","service":"webSearch","timestamp":"2025-07-05 08:27:02"}
{"level":"info","message":"Performing web search for: \"New York Yankees vs New York Mets injury updates, starting pitcher form, bullpen usage today\"","service":"webSearch","timestamp":"2025-07-05 08:27:05"}
{"level":"info","message":"Performing web search for: \"MLB weather updates, injury reports, starting pitcher form, bullpen usage for Tampa Bay Rays vs Minnesota Twins, Cincinnati Reds vs Philadelphia Phillies, Los Angeles Angels vs Toronto Blue Jays, Boston Red Sox vs Washington Nationals, New York Yankees vs New York Mets today\"","service":"webSearch","timestamp":"2025-07-05 08:29:47"}
{"level":"info","message":"Performing web search for: \"Tampa Bay Rays vs Minnesota Twins weather Minnesota, injury updates, bullpen fatigue, starting pitcher form 2023\"","service":"webSearch","timestamp":"2025-07-05 08:48:45"}
{"level":"info","message":"Performing web search for: \"Cincinnati Reds vs Philadelphia Phillies weather Philadelphia, Aaron Nola injury status, lineup changes, starting pitcher form 2023\"","service":"webSearch","timestamp":"2025-07-05 08:48:48"}
{"level":"info","message":"Performing web search for: \"Los Angeles Angels vs Toronto Blue Jays weather Toronto, injury news Blue Jays hitters, bullpen usage, starting pitcher form 2023\"","service":"webSearch","timestamp":"2025-07-05 08:48:49"}
{"level":"info","message":"Performing web search for: \"Boston Red Sox vs Washington Nationals weather Washington DC, injury reports Red Sox, lineup changes Nationals, starting pitcher form 2023\"","service":"webSearch","timestamp":"2025-07-05 08:48:51"}
{"level":"info","message":"Performing web search for: \"New York Yankees vs New York Mets weather NYC, injury updates star players, bullpen fatigue, starting pitcher form 2023\"","service":"webSearch","timestamp":"2025-07-05 08:48:54"}
{"level":"info","message":"Performing web search for: \"Tampa Bay Rays vs Minnesota Twins Target Field weather, injuries, bullpen usage, starting pitcher form 2023\"","service":"webSearch","timestamp":"2025-07-05 08:53:54"}
{"level":"info","message":"Performing web search for: \"Cincinnati Reds vs Philadelphia Phillies Citizens Bank Park weather, Aaron Nola injury update, lineup changes 2023\"","service":"webSearch","timestamp":"2025-07-05 08:53:56"}
{"level":"info","message":"Performing web search for: \"Los Angeles Angels vs Toronto Blue Jays bullpen usage last 48 hours, Angels injury returns, roster updates 2023\"","service":"webSearch","timestamp":"2025-07-05 08:53:58"}
{"level":"info","message":"Performing web search for: \"Boston Red Sox vs Washington Nationals Nats Park weather, Red Sox bullpen fatigue, late scratches 2023\"","service":"webSearch","timestamp":"2025-07-05 08:54:03"}
{"level":"info","message":"Performing web search for: \"New York Yankees vs New York Mets Citi Field weather, key player injury news, breaking updates 2023\"","service":"webSearch","timestamp":"2025-07-05 08:54:05"}
{"level":"info","message":"Performing web search for: \"current weather Target Field Minneapolis, Cincinnati Reds Philadelphia Phillies weather, Toronto Blue Jays weather, Washington DC Nationals Park weather, Citi Field weather; MLB injury updates Tampa Bay Rays, Minnesota Twins, Cincinnati Reds, Philadelphia Phillies, Los Angeles Angels, Toronto Blue Jays, Boston Red Sox, Washington Nationals, New York Yankees, New York Mets; bullpen usage last 48 hours for these teams; starting pitcher recent form for these matchups; breaking news MLB games today\"","service":"webSearch","timestamp":"2025-07-05 09:17:50"}
{"level":"info","message":"Performing web search for: \"MLB weather updates Tampa Bay Rays vs Minnesota Twins, Cincinnati Reds vs Philadelphia Phillies, Los Angeles Angels vs Toronto Blue Jays, Boston Red Sox vs Washington Nationals, New York Yankees vs New York Mets today\"","service":"webSearch","timestamp":"2025-07-05 09:24:03"}
{"level":"info","message":"Performing web search for: \"MLB injury reports and player updates Tampa Bay Rays, Minnesota Twins, Cincinnati Reds, Philadelphia Phillies, Los Angeles Angels, Toronto Blue Jays, Boston Red Sox, Washington Nationals, New York Yankees, New York Mets\"","service":"webSearch","timestamp":"2025-07-05 09:24:06"}
{"level":"info","message":"Performing web search for: \"MLB starting pitcher recent form and matchup history Rays vs Twins, Reds vs Phillies, Angels vs Blue Jays, Red Sox vs Nationals, Yankees vs Mets\"","service":"webSearch","timestamp":"2025-07-05 09:24:10"}
{"level":"info","message":"Performing web search for: \"MLB bullpen usage and fatigue reports Rays, Twins, Reds, Phillies, Angels, Blue Jays, Red Sox, Nationals, Yankees, Mets last 3 games\"","service":"webSearch","timestamp":"2025-07-05 09:24:14"}
{"level":"info","message":"Performing web search for: \"MLB breaking news affecting games today Rays vs Twins, Reds vs Phillies, Angels vs Blue Jays, Red Sox vs Nationals, Yankees vs Mets\"","service":"webSearch","timestamp":"2025-07-05 09:24:16"}
{"level":"info","message":"Performing web search for: \"Tampa Bay Rays vs Minnesota Twins weather Minnesota, injury updates, bullpen usage, starting pitcher form 2023\"","service":"webSearch","timestamp":"2025-07-05 10:02:43"}
{"level":"info","message":"Performing web search for: \"Cincinnati Reds vs Philadelphia Phillies weather Philly, injury updates, bullpen usage, starting pitcher form 2023\"","service":"webSearch","timestamp":"2025-07-05 10:02:47"}
{"level":"info","message":"Performing web search for: \"Los Angeles Angels vs Toronto Blue Jays weather Toronto, injury updates, bullpen usage, starting pitcher form 2023\"","service":"webSearch","timestamp":"2025-07-05 10:02:49"}
{"level":"info","message":"Performing web search for: \"Boston Red Sox vs Washington Nationals weather DC, injury updates, bullpen usage, starting pitcher form 2023\"","service":"webSearch","timestamp":"2025-07-05 10:02:52"}
{"level":"info","message":"Performing web search for: \"Tampa Bay Rays vs Minnesota Twins weather Minneapolis today, injuries, bullpen usage last games\"","service":"webSearch","timestamp":"2025-07-05 10:18:52"}
{"level":"info","message":"Performing web search for: \"Cincinnati Reds vs Philadelphia Phillies Aaron Nola injury update, lineup changes, bullpen fatigue\"","service":"webSearch","timestamp":"2025-07-05 10:18:54"}
{"level":"info","message":"Performing web search for: \"Los Angeles Angels vs Toronto Blue Jays weather Toronto today, injuries, bullpen workload\"","service":"webSearch","timestamp":"2025-07-05 10:18:59"}
{"level":"info","message":"Performing web search for: \"St. Louis Cardinals vs Chicago Cubs Wrigley Field weather today, injuries, lineup scratches\"","service":"webSearch","timestamp":"2025-07-05 10:19:00"}
{"level":"info","message":"Performing web search for: \"Boston Red Sox vs Washington Nationals weather Washington DC today, bullpen usage, injuries\"","service":"webSearch","timestamp":"2025-07-05 10:19:04"}
{"level":"info","message":"Performing web search for: \"Tampa Bay Rays vs Minnesota Twins weather Minneapolis, injuries, bullpen usage last games\"","service":"webSearch","timestamp":"2025-07-05 10:26:20"}
{"level":"info","message":"Performing web search for: \"Cincinnati Reds vs Philadelphia Phillies weather Citizens Bank Park, Aaron Nola injury update, lineup changes\"","service":"webSearch","timestamp":"2025-07-05 10:26:22"}
{"level":"info","message":"Performing web search for: \"Los Angeles Angels vs Toronto Blue Jays weather Toronto, injuries, bullpen fatigue\"","service":"webSearch","timestamp":"2025-07-05 10:26:24"}
{"level":"info","message":"Performing web search for: \"St. Louis Cardinals vs Chicago Cubs weather Wrigley Field wind direction, lineup changes, bullpen overuse\"","service":"webSearch","timestamp":"2025-07-05 10:26:27"}
{"level":"info","message":"Performing web search for: \"New York Yankees vs New York Mets weather Citi Field, injury updates, bullpen usage rivalry games\"","service":"webSearch","timestamp":"2025-07-05 10:26:28"}
{"level":"info","message":"Performing web search for: \"Tampa Bay Rays vs Minnesota Twins weather Target Field today, Rays and Twins injury updates, Twins bullpen usage last 3 games\"","service":"webSearch","timestamp":"2025-07-05 10:32:27"}
{"level":"info","message":"Performing web search for: \"Cincinnati Reds vs Philadelphia Phillies weather today, Phillies lineup changes, Aaron Nola injury update, Phillies bullpen fatigue\"","service":"webSearch","timestamp":"2025-07-05 10:32:31"}
{"level":"info","message":"Performing web search for: \"Los Angeles Angels vs Toronto Blue Jays weather today Rogers Centre, Angels injury updates, Blue Jays bullpen status last 3 games\"","service":"webSearch","timestamp":"2025-07-05 10:32:34"}
{"level":"info","message":"Performing web search for: \"Boston Red Sox vs Washington Nationals weather Washington DC today, Nationals lineup changes, Red Sox bullpen usage last 3 games\"","service":"webSearch","timestamp":"2025-07-05 10:32:37"}
{"level":"info","message":"Performing web search for: \"New York Yankees vs New York Mets weather Citi Field today, Yankees and Mets injury news, bullpen fatigue both teams\"","service":"webSearch","timestamp":"2025-07-05 10:32:39"}
{"level":"info","message":"Performing web search for: \"Tampa Bay Rays vs Minnesota Twins weather, injuries, bullpen usage last 3 games; Cincinnati Reds vs Philadelphia Phillies weather, injuries, bullpen usage; Los Angeles Angels vs Toronto Blue Jays weather, injuries, bullpen usage; New York Yankees vs New York Mets weather, injuries, bullpen usage today\"","service":"webSearch","timestamp":"2025-07-05 10:34:15"}
{"level":"info","message":"Performing web search for: \"Tampa Bay Rays vs Minnesota Twins weather, injuries, bullpen usage, starting pitcher form; Cincinnati Reds vs Philadelphia Phillies weather, injuries, bullpen usage, Nola status; Los Angeles Angels vs Toronto Blue Jays weather, injuries, bullpen usage; Boston Red Sox vs Washington Nationals weather, injuries, bullpen usage; New York Yankees vs New York Mets weather, injuries, bullpen usage, breaking news\"","service":"webSearch","timestamp":"2025-07-05 10:40:16"}
{"level":"info","message":"Performing web search for: \"Tampa Bay Rays vs Minnesota Twins weather impact Minnesota, injury updates Rays hitters, Twins bullpen usage last 3 games\"","service":"webSearch","timestamp":"2025-07-05 11:00:02"}
{"level":"info","message":"Performing web search for: \"Cincinnati Reds vs Philadelphia Phillies weather impact Philly, Phillies lineup changes, Reds bullpen status\"","service":"webSearch","timestamp":"2025-07-05 11:00:04"}
{"level":"info","message":"Performing web search for: \"Los Angeles Angels vs Toronto Blue Jays weather impact Toronto, Angels injury news, Blue Jays bullpen workload this week\"","service":"webSearch","timestamp":"2025-07-05 11:00:07"}
{"level":"info","message":"Performing web search for: \"Boston Red Sox vs Washington Nationals weather impact DC, Nationals injury returns, Red Sox bullpen usage recent series\"","service":"webSearch","timestamp":"2025-07-05 11:00:19"}
{"level":"info","message":"Performing web search for: \"Tampa Bay Rays vs Minnesota Twins weather today, injury updates, bullpen usage last 3 games\"","service":"webSearch","timestamp":"2025-07-05 11:08:15"}
{"level":"info","message":"Performing web search for: \"Cincinnati Reds vs Philadelphia Phillies weather today, injury updates Aaron Nola, lineup changes\"","service":"webSearch","timestamp":"2025-07-05 11:08:17"}
{"level":"info","message":"Performing web search for: \"Los Angeles Angels vs Toronto Blue Jays weather today, injury news, bullpen fatigue\"","service":"webSearch","timestamp":"2025-07-05 11:08:20"}
{"level":"info","message":"Performing web search for: \"New York Yankees vs New York Mets weather today, injury reports, bullpen usage\"","service":"webSearch","timestamp":"2025-07-05 11:08:22"}
{"level":"info","message":"Performing web search for: \"Tampa Bay Rays vs Minnesota Twins weather forecast, injury updates, starting pitcher form, bullpen usage, team trends August 2023\"","service":"webSearch","timestamp":"2025-07-05 11:18:55"}
{"level":"info","message":"Performing web search for: \"Cincinnati Reds vs Philadelphia Phillies weather forecast Citizens Bank Park, injury updates, starting pitcher form, bullpen usage, player prop trends August 2023\"","service":"webSearch","timestamp":"2025-07-05 11:19:01"}
{"level":"info","message":"Performing web search for: \"Los Angeles Angels vs Toronto Blue Jays weather forecast, injury updates, starting pitcher form, bullpen usage, Ernie Clement recent performance August 2023\"","service":"webSearch","timestamp":"2025-07-05 11:19:02"}
{"level":"info","message":"Performing web search for: \"Boston Red Sox vs Washington Nationals weather forecast DC, injury updates, starting pitcher form, bullpen usage, team trends August 2023\"","service":"webSearch","timestamp":"2025-07-05 11:19:04"}
{"level":"info","message":"Performing web search for: \"Tampa Bay Rays vs Minnesota Twins weather today, injuries, bullpen usage, starting pitcher form\"","service":"webSearch","timestamp":"2025-07-05 11:27:56"}
{"level":"info","message":"Performing web search for: \"Cincinnati Reds vs Philadelphia Phillies weather today, injuries, Aaron Nola update, starting pitcher form\"","service":"webSearch","timestamp":"2025-07-05 11:27:58"}
{"level":"info","message":"Performing web search for: \"Los Angeles Angels vs Toronto Blue Jays weather today, injuries, bullpen usage, starting pitcher form\"","service":"webSearch","timestamp":"2025-07-05 11:27:59"}
{"level":"info","message":"Performing web search for: \"Boston Red Sox vs Washington Nationals weather today, injuries, starting pitcher form, team trends\"","service":"webSearch","timestamp":"2025-07-05 11:28:01"}
{"level":"info","message":"Performing web search for: \"MLB weather updates Tampa Bay Rays vs Minnesota Twins, Cincinnati Reds vs Philadelphia Phillies, Los Angeles Angels vs Toronto Blue Jays, Boston Red Sox vs Washington Nationals; injury reports and bullpen usage for these teams today\"","service":"webSearch","timestamp":"2025-07-05 11:37:19"}
{"level":"info","message":"Performing web search for: \"Tampa Bay Rays vs Minnesota Twins weather Minnesota, injury updates, bullpen usage last 3 games, starting pitcher recent form\"","service":"webSearch","timestamp":"2025-07-05 11:43:44"}
{"level":"info","message":"Performing web search for: \"Cincinnati Reds vs Philadelphia Phillies weather, lineup changes, injury updates, bullpen status, starting pitcher recent form\"","service":"webSearch","timestamp":"2025-07-05 11:43:48"}
{"level":"info","message":"Performing web search for: \"Los Angeles Angels vs Toronto Blue Jays weather, injury updates, recent home stand news, starting pitcher recent form\"","service":"webSearch","timestamp":"2025-07-05 11:43:49"}
{"level":"info","message":"Performing web search for: \"Boston Red Sox vs Washington Nationals weather DC, late injury reports, bullpen fatigue, starting pitcher recent form\"","service":"webSearch","timestamp":"2025-07-05 11:43:52"}
{"level":"info","message":"Performing web search for: \"Cincinnati Reds vs Philadelphia Phillies head to head 2023 starting pitchers performance\"","service":"webSearch","timestamp":"2025-07-05 12:43:54"}
{"level":"info","message":"Performing web search for: \"Los Angeles Angels vs Toronto Blue Jays head to head 2023 starting pitchers performance\"","service":"webSearch","timestamp":"2025-07-05 12:43:58"}
{"level":"info","message":"Performing web search for: \"latest sports news today NFL NBA MLB NHL\"","service":"webSearch","timestamp":"2025-07-05 14:11:26"}
{"level":"info","message":"Performing web search for: \"latest sports news today breaking updates\"","service":"webSearch","timestamp":"2025-07-05 23:31:44"}
{"level":"info","message":"Performing web search for: \"Kyle Schwarber injury status today Phillies lineup October 2023\"","service":"webSearch","timestamp":"2025-07-06 02:11:04"}
{"level":"info","message":"Performing web search for: \"Cincinnati Reds starting pitcher vs Phillies today lineup news\"","service":"webSearch","timestamp":"2025-07-06 02:11:13"}
{"level":"info","message":"Performing web search for: \"Marcell Ozuna recent performance 2023 Braves lineup updates\"","service":"webSearch","timestamp":"2025-07-06 02:11:22"}
{"level":"info","message":"Performing web search for: \"George Springer recent performance Blue Jays lineup today 2023\"","service":"webSearch","timestamp":"2025-07-06 02:11:49"}
{"level":"info","message":"Performing web search for: \"Kyle Schwarber matchup history vs Chase Burns MLB or spring training 2024\"","service":"webSearch","timestamp":"2025-07-06 02:12:02"}
{"level":"info","message":"Performing web search for: \"Kyle Schwarber injury status July 2025 Phillies MLB latest news\"","service":"webSearch","timestamp":"2025-07-06 02:20:05"}
{"level":"info","message":"Performing web search for: \"Cincinnati Reds starting pitcher vs Phillies July 6 2025 news\"","service":"webSearch","timestamp":"2025-07-06 02:20:14"}
{"level":"info","message":"Performing web search for: \"Philadelphia weather forecast July 6 2025 long-term prediction\"","service":"webSearch","timestamp":"2025-07-06 02:20:22"}
{"level":"info","message":"Performing web search for: \"Kyle Schwarber performance stats July 2025 Phillies MLB recent games\"","service":"webSearch","timestamp":"2025-07-06 02:20:48"}
{"level":"info","message":"Performing web search for: \"Bryce Harper vs Chase Burns stats 2025 MLB performance and matchups\"","service":"webSearch","timestamp":"2025-07-06 02:20:57"}
{"level":"info","message":"Performing web search for: \"Vladimir Guerrero Jr. game logs July 2025 MLB stats\"","service":"webSearch","timestamp":"2025-07-06 02:21:07"}
{"level":"info","message":"Performing web search for: \"Kyle Schwarber injury status July 2025 Phillies MLB latest news\"","service":"webSearch","timestamp":"2025-07-06 02:32:51"}
{"level":"info","message":"Performing web search for: \"Cincinnati Reds starting pitcher vs Phillies July 6 2025 news\"","service":"webSearch","timestamp":"2025-07-06 02:32:58"}
{"level":"info","message":"Performing web search for: \"Baltimore Orioles starting pitcher vs Braves July 6 2025 news\"","service":"webSearch","timestamp":"2025-07-06 02:33:04"}
{"level":"info","message":"Performing web search for: \"Kyle Schwarber recent performance 2025 stats vs Cincinnati Reds July 2025 matchup\"","service":"webSearch","timestamp":"2025-07-06 02:33:36"}
{"level":"info","message":"Performing web search for: \"Bryce Harper injury status and performance trends July 2025\"","service":"webSearch","timestamp":"2025-07-06 02:33:45"}
{"level":"info","message":"Performing web search for: \"Vladimir Guerrero Jr. recent RBIs 2025 and matchup July 2025 opponent stats\"","service":"webSearch","timestamp":"2025-07-06 02:33:53"}
{"level":"info","message":"Performing web search for: \"Kyle Schwarber vs Cincinnati Reds pitcher today matchup stats 2023\"","service":"webSearch","timestamp":"2025-07-06 02:50:22"}
{"level":"info","message":"Performing web search for: \"Marcell Ozuna vs Corbin Burnes performance history 2023\"","service":"webSearch","timestamp":"2025-07-06 02:50:31"}
{"level":"info","message":"Performing web search for: \"Bryce Harper injury status today lineup confirmation Phillies MLB\"","service":"webSearch","timestamp":"2025-07-06 02:50:38"}
{"level":"error","message":"SerpAPI search failed: Request failed with status code 429","service":"webSearch","timestamp":"2025-07-06 02:50:38"}
{"level":"error","message":"Error performing web search: Request failed with status code 429","service":"webSearch","timestamp":"2025-07-06 02:50:38"}
{"level":"info","message":"Performing web search for: \"Kyle Schwarber career stats vs Hunter Greene Cincinnati Reds starting pitcher today 2023\"","service":"webSearch","timestamp":"2025-07-06 02:50:59"}
{"level":"error","message":"SerpAPI search failed: Request failed with status code 429","service":"webSearch","timestamp":"2025-07-06 02:50:59"}
{"level":"error","message":"Error performing web search: Request failed with status code 429","service":"webSearch","timestamp":"2025-07-06 02:50:59"}
{"level":"info","message":"Performing web search for: \"George Springer vs opposing pitcher today performance history 2023\"","service":"webSearch","timestamp":"2025-07-06 02:51:05"}
{"level":"error","message":"SerpAPI search failed: Request failed with status code 429","service":"webSearch","timestamp":"2025-07-06 02:51:05"}
{"level":"error","message":"Error performing web search: Request failed with status code 429","service":"webSearch","timestamp":"2025-07-06 02:51:05"}
{"level":"info","message":"Performing web search for: \"Cedric Mullins recent performance and injury status today Baltimore Orioles\"","service":"webSearch","timestamp":"2025-07-06 02:51:10"}
{"level":"error","message":"SerpAPI search failed: Request failed with status code 429","service":"webSearch","timestamp":"2025-07-06 02:51:11"}
{"level":"error","message":"Error performing web search: Request failed with status code 429","service":"webSearch","timestamp":"2025-07-06 02:51:11"}
{"level":"info","message":"Performing web search for: \"Kyle Schwarber injury status July 2025 Phillies updates\"","service":"webSearch","timestamp":"2025-07-06 03:11:42"}
{"level":"error","message":"SerpAPI search failed: Request failed with status code 429","service":"webSearch","timestamp":"2025-07-06 03:11:42"}
{"level":"error","message":"Error performing web search: Request failed with status code 429","service":"webSearch","timestamp":"2025-07-06 03:11:42"}
{"level":"info","message":"Performing web search for: \"Marcell Ozuna stats vs Baltimore Orioles 2023 2024, Orioles probable starters July 2025 schedule\"","service":"webSearch","timestamp":"2025-07-06 03:11:50"}
{"level":"error","message":"SerpAPI search failed: Request failed with status code 429","service":"webSearch","timestamp":"2025-07-06 03:11:50"}
{"level":"error","message":"Error performing web search: Request failed with status code 429","service":"webSearch","timestamp":"2025-07-06 03:11:50"}
{"level":"info","message":"Performing web search for: \"Vladimir Guerrero Jr. batting order position July 2025 Blue Jays lineup news\"","service":"webSearch","timestamp":"2025-07-06 03:11:58"}
{"level":"error","message":"SerpAPI search failed: Request failed with status code 429","service":"webSearch","timestamp":"2025-07-06 03:11:58"}
{"level":"error","message":"Error performing web search: Request failed with status code 429","service":"webSearch","timestamp":"2025-07-06 03:11:58"}
{"level":"info","message":"Performing web search for: \"Kyle Schwarber 2025 performance and injury updates Phillies MLB\"","service":"webSearch","timestamp":"2025-07-06 03:12:21"}
{"level":"error","message":"SerpAPI search failed: Request failed with status code 429","service":"webSearch","timestamp":"2025-07-06 03:12:21"}
{"level":"error","message":"Error performing web search: Request failed with status code 429","service":"webSearch","timestamp":"2025-07-06 03:12:21"}
{"level":"info","message":"Performing web search for: \"Marcell Ozuna performance vs Baltimore Orioles pitchers 2024-2025 stats trends\"","service":"webSearch","timestamp":"2025-07-06 03:12:30"}
{"level":"error","message":"SerpAPI search failed: Request failed with status code 429","service":"webSearch","timestamp":"2025-07-06 03:12:30"}
{"level":"error","message":"Error performing web search: Request failed with status code 429","service":"webSearch","timestamp":"2025-07-06 03:12:30"}
{"level":"info","message":"Performing web search for: \"Vladimir Guerrero Jr. batting order position 2025 and RBI trends recent news\"","service":"webSearch","timestamp":"2025-07-06 03:12:37"}
{"level":"error","message":"SerpAPI search failed: Request failed with status code 429","service":"webSearch","timestamp":"2025-07-06 03:12:37"}
{"level":"error","message":"Error performing web search: Request failed with status code 429","service":"webSearch","timestamp":"2025-07-06 03:12:37"}
{"level":"info","message":"Performing web search for: \"Kyle Schwarber injury status today Phillies lineup October 2023\"","service":"webSearch","timestamp":"2025-07-06 03:15:32"}
{"level":"error","message":"SerpAPI search failed: Request failed with status code 429","service":"webSearch","timestamp":"2025-07-06 03:15:32"}
{"level":"error","message":"Error performing web search: Request failed with status code 429","service":"webSearch","timestamp":"2025-07-06 03:15:32"}
{"level":"info","message":"Performing web search for: \"Cincinnati Reds starting pitcher vs Phillies today lineup news\"","service":"webSearch","timestamp":"2025-07-06 03:15:41"}
{"level":"error","message":"SerpAPI search failed: Request failed with status code 429","service":"webSearch","timestamp":"2025-07-06 03:15:41"}
{"level":"error","message":"Error performing web search: Request failed with status code 429","service":"webSearch","timestamp":"2025-07-06 03:15:41"}
{"level":"info","message":"Performing web search for: \"Marcell Ozuna injury status today Braves lineup 2023\"","service":"webSearch","timestamp":"2025-07-06 03:15:48"}
{"level":"error","message":"SerpAPI search failed: Request failed with status code 429","service":"webSearch","timestamp":"2025-07-06 03:15:49"}
{"level":"error","message":"Error performing web search: Request failed with status code 429","service":"webSearch","timestamp":"2025-07-06 03:15:49"}
{"level":"info","message":"Performing web search for: \"George Springer injury status today Blue Jays lineup latest news\"","service":"webSearch","timestamp":"2025-07-06 03:16:12"}
{"level":"error","message":"SerpAPI search failed: Request failed with status code 429","service":"webSearch","timestamp":"2025-07-06 03:16:12"}
{"level":"error","message":"Error performing web search: Request failed with status code 429","service":"webSearch","timestamp":"2025-07-06 03:16:12"}
{"level":"info","message":"Performing web search for: \"Bryce Harper injury status today Phillies lineup vs Reds Andrew Abbott April 2023\"","service":"webSearch","timestamp":"2025-07-06 03:16:18"}
{"level":"error","message":"SerpAPI search failed: Request failed with status code 429","service":"webSearch","timestamp":"2025-07-06 03:16:19"}
{"level":"error","message":"Error performing web search: Request failed with status code 429","service":"webSearch","timestamp":"2025-07-06 03:16:19"}
{"level":"info","message":"Performing web search for: \"Kyle Schwarber home run splits vs left-handed pitchers 2023 recent stats\"","service":"webSearch","timestamp":"2025-07-06 03:16:27"}
{"level":"error","message":"SerpAPI search failed: Request failed with status code 429","service":"webSearch","timestamp":"2025-07-06 03:16:27"}
{"level":"error","message":"Error performing web search: Request failed with status code 429","service":"webSearch","timestamp":"2025-07-06 03:16:27"}
